2025-10-15 15:54:16 - archaeology_questions - INFO - 配置已載入: config.json
2025-10-15 15:54:19 - archaeology_questions - INFO - 配置已載入: config.json
2025-10-15 15:54:33 - archaeology_questions - INFO - 配置已載入: config.json
2025-10-15 15:54:33 - archaeology_questions - INFO - 測試日誌系統
2025-10-15 15:57:21 - archaeology_questions - INFO - 配置已載入: config.json
2025-10-15 15:57:22 - archaeology_questions - INFO - 測試模組導入
2025-10-15 16:08:59 - archaeology_questions - INFO - 配置已載入: config.json
2025-10-15 16:09:00 - archaeology_questions - INFO - 開始測試 4 個真實考古題
2025-10-15 16:09:00 - archaeology_questions - INFO - 
============================================================
2025-10-15 16:09:00 - archaeology_questions - INFO - 測試 1/4: 警察特考行政警察_國文
2025-10-15 16:09:00 - archaeology_questions - INFO - 描述: 國文選擇題，測試基本解析功能
2025-10-15 16:09:00 - archaeology_questions - INFO - ============================================================
2025-10-15 16:09:00 - archaeology_questions - INFO - 開始處理單一PDF: /workspace/考選部考古題完整庫/民國114年/民國114年_警察特考/行政警察/國文(作文與測驗)/試題.pdf
2025-10-15 16:09:00 - archaeology_questions - INFO - 開始處理PDF檔案: /workspace/考選部考古題完整庫/民國114年/民國114年_警察特考/行政警察/國文(作文與測驗)/試題.pdf
2025-10-15 16:09:00 - archaeology_questions - INFO - 開始處理PDF檔案: /workspace/考選部考古題完整庫/民國114年/民國114年_警察特考/行政警察/國文(作文與測驗)/試題.pdf
2025-10-15 16:09:00 - archaeology_questions - INFO - ✅ PDF文字提取完成，共 4 頁，3736 字元
2025-10-15 16:09:00 - archaeology_questions - INFO - 開始解析題目
2025-10-15 16:09:00 - archaeology_questions - INFO - 未檢測到題組，解析一般題目
2025-10-15 16:09:00 - archaeology_questions - INFO - ✅ 題目解析完成，共 0 題
2025-10-15 16:09:00 - archaeology_questions - WARNING - 未找到任何題目
2025-10-15 16:09:00 - archaeology_questions - ERROR - ❌ ❌ 警察特考行政警察_國文 處理失敗: 未找到任何題目
2025-10-15 16:09:00 - archaeology_questions - INFO - 
============================================================
2025-10-15 16:09:00 - archaeology_questions - INFO - 測試 2/4: 警察特考行政警察_警察法規
2025-10-15 16:09:00 - archaeology_questions - INFO - 描述: 專業法規題目，測試複雜題型解析
2025-10-15 16:09:00 - archaeology_questions - INFO - ============================================================
2025-10-15 16:09:00 - archaeology_questions - INFO - 開始處理單一PDF: /workspace/考選部考古題完整庫/民國114年/民國114年_警察特考/行政警察/警察法規(包括警察法、行政執行法、社會秩序維護法、警械使用條例、集會遊行法、警察職權行使法、公務人員行政中立法)/試題.pdf
2025-10-15 16:09:00 - archaeology_questions - INFO - 開始處理PDF檔案: /workspace/考選部考古題完整庫/民國114年/民國114年_警察特考/行政警察/警察法規(包括警察法、行政執行法、社會秩序維護法、警械使用條例、集會遊行法、警察職權行使法、公務人員行政中立法)/試題.pdf
2025-10-15 16:09:00 - archaeology_questions - INFO - 開始處理PDF檔案: /workspace/考選部考古題完整庫/民國114年/民國114年_警察特考/行政警察/警察法規(包括警察法、行政執行法、社會秩序維護法、警械使用條例、集會遊行法、警察職權行使法、公務人員行政中立法)/試題.pdf
2025-10-15 16:09:01 - archaeology_questions - INFO - ✅ PDF文字提取完成，共 4 頁，4221 字元
2025-10-15 16:09:01 - archaeology_questions - INFO - 開始解析題目
2025-10-15 16:09:01 - archaeology_questions - INFO - 未檢測到題組，解析一般題目
2025-10-15 16:09:01 - archaeology_questions - INFO - ✅ 題目解析完成，共 0 題
2025-10-15 16:09:01 - archaeology_questions - WARNING - 未找到任何題目
2025-10-15 16:09:01 - archaeology_questions - ERROR - ❌ ❌ 警察特考行政警察_警察法規 處理失敗: 未找到任何題目
2025-10-15 16:09:01 - archaeology_questions - INFO - 
============================================================
2025-10-15 16:09:01 - archaeology_questions - INFO - 測試 3/4: 司法特考監獄官_國文
2025-10-15 16:09:01 - archaeology_questions - INFO - 描述: 司法特考國文，測試不同考試類型
2025-10-15 16:09:01 - archaeology_questions - INFO - ============================================================
2025-10-15 16:09:01 - archaeology_questions - INFO - 開始處理單一PDF: /workspace/考選部考古題完整庫/民國114年/民國114年_司法特考/監獄官/國文（作文與測驗）/試題.pdf
2025-10-15 16:09:01 - archaeology_questions - INFO - 開始處理PDF檔案: /workspace/考選部考古題完整庫/民國114年/民國114年_司法特考/監獄官/國文（作文與測驗）/試題.pdf
2025-10-15 16:09:01 - archaeology_questions - INFO - 開始處理PDF檔案: /workspace/考選部考古題完整庫/民國114年/民國114年_司法特考/監獄官/國文（作文與測驗）/試題.pdf
2025-10-15 16:09:01 - archaeology_questions - INFO - ✅ PDF文字提取完成，共 4 頁，4521 字元
2025-10-15 16:09:01 - archaeology_questions - INFO - 開始解析題目
2025-10-15 16:09:01 - archaeology_questions - INFO - 未檢測到題組，解析一般題目
2025-10-15 16:09:01 - archaeology_questions - INFO - ✅ 題目解析完成，共 0 題
2025-10-15 16:09:01 - archaeology_questions - WARNING - 未找到任何題目
2025-10-15 16:09:01 - archaeology_questions - ERROR - ❌ ❌ 司法特考監獄官_國文 處理失敗: 未找到任何題目
2025-10-15 16:09:01 - archaeology_questions - INFO - 
============================================================
2025-10-15 16:09:01 - archaeology_questions - INFO - 測試 4/4: 警察特考行政警察_警察情境實務
2025-10-15 16:09:01 - archaeology_questions - INFO - 描述: 情境實務題目，測試應用題型
2025-10-15 16:09:01 - archaeology_questions - INFO - ============================================================
2025-10-15 16:09:01 - archaeology_questions - INFO - 開始處理單一PDF: /workspace/考選部考古題完整庫/民國114年/民國114年_警察特考/行政警察/警察情境實務(包括警察法規、實務操作標準作業程序、人權保障與正當法律程序)/試題.pdf
2025-10-15 16:09:01 - archaeology_questions - INFO - 開始處理PDF檔案: /workspace/考選部考古題完整庫/民國114年/民國114年_警察特考/行政警察/警察情境實務(包括警察法規、實務操作標準作業程序、人權保障與正當法律程序)/試題.pdf
2025-10-15 16:09:01 - archaeology_questions - INFO - 開始處理PDF檔案: /workspace/考選部考古題完整庫/民國114年/民國114年_警察特考/行政警察/警察情境實務(包括警察法規、實務操作標準作業程序、人權保障與正當法律程序)/試題.pdf
2025-10-15 16:09:02 - archaeology_questions - INFO - ✅ PDF文字提取完成，共 4 頁，5424 字元
2025-10-15 16:09:02 - archaeology_questions - INFO - 開始解析題目
2025-10-15 16:09:02 - archaeology_questions - INFO - 未檢測到題組，解析一般題目
2025-10-15 16:09:02 - archaeology_questions - INFO - ✅ 題目解析完成，共 0 題
2025-10-15 16:09:02 - archaeology_questions - WARNING - 未找到任何題目
2025-10-15 16:09:02 - archaeology_questions - ERROR - ❌ ❌ 警察特考行政警察_警察情境實務 處理失敗: 未找到任何題目
2025-10-15 16:09:02 - archaeology_questions - INFO - ✅ 測試報告已生成: /workspace/test_output/真實考古題測試報告_20251015_160902.md
2025-10-15 16:09:22 - archaeology_questions - INFO - 
================================================================================
2025-10-15 16:09:22 - archaeology_questions - INFO - 調試PDF: 試題.pdf
2025-10-15 16:09:22 - archaeology_questions - INFO - ================================================================================
2025-10-15 16:09:22 - archaeology_questions - INFO - 開始處理PDF檔案: /workspace/考選部考古題完整庫/民國114年/民國114年_警察特考/行政警察/國文(作文與測驗)/試題.pdf
2025-10-15 16:09:23 - archaeology_questions - INFO - ✅ PDF文字提取完成，共 4 頁，3736 字元
2025-10-15 16:09:23 - archaeology_questions - INFO - 文字長度: 3736 字元
2025-10-15 16:09:23 - archaeology_questions - INFO - 前1000字元內容:
2025-10-15 16:09:23 - archaeology_questions - INFO - 代號：13110-13810 114年公務人員特種考試警察人員、一般警察人員、
30110-30610
國家安全局國家安全情報人員、移民行政人員考試及
35110-35610
50110-51310
114年特種考試退除役軍人轉任公務人員考試試題
80110-80710
頁次：4－1
考 試 別：退除役軍人轉任公務人員考試、一般警察人員考試、國家安全情報人員考
試、警察人員考試、移民行政人員考試
等 別：三等考試
類科組別：各類科、各類別、各組別、移民行政
科 目：國文（作文與測驗）
考試時間：2 小時 座號：
※注意：禁止使用電子計算器。
本科目試題包括作文及測驗兩部分，請妥適分配各題作答時間。
甲、申論部分：（60分）
甲、作文部分：（80 分）
作答時請將試題題號及答案依照順序寫在申論試卷上，並以藍、黑色鋼筆或原子筆由左至右橫
式作答，於本試題上作答者，不予計分。
不得於試卷上書寫姓名或座號。
前人曾提出「木桶原理」，意指一個木桶能盛裝多少水，取決於圍成
木桶的木板中最短的那塊。這個形象化的比喻，強調了在一個團隊中，
必須所有人的素質、能力都一樣好，方可獲得最理想的成就。若其中一
人落後其他人，他會成為團隊的破口，影響整體的實力。在個人方面亦
然，應儘量培養各項能力，並找出不足之處設法彌補，方可在考場、職
場等各種人生場合贏得肯定。
但後來有人提出：如果將木桶斜放，水的盛裝高度就不是受限於短
的木板，反而是由長的木板決定。此即「斜木桶原理」或「長板原理」。
若改用這個觀點，團隊要提高整體實力的方式，就未必是強求人人同樣
優秀，而是找出木桶最恰當的傾放角度，鞏固並儘可能發揮既有的強項，
透過適才適所來放大成效。而個人也不用為自己的匱乏或不擅長的事所
苦，而是珍惜天賦，讓本身的優勢展現最大的價值。
你比較認同「木桶原理」或「斜木桶原理」？或者在不同場合、目的
及人生階段，這兩個原理各有其適用性？請以「墊高成就，來自補足
短處或延展長處」為題，結合經驗或見聞，寫一篇文章，說明你的觀
察、體會或反思。
代號：13110-13810
30110-30610
35110-35610
50110-51310
80110-80710
頁次：4－2
乙、測驗部分：（20 分） 代號：1131
本試題為單一選擇題，請選出一個正確或最適當答案。
共10題，每題2分，須用
2025-10-15 16:09:23 - archaeology_questions - INFO - 找到的關鍵字: ['題', '選擇題']
2025-10-15 16:09:23 - archaeology_questions - INFO - 數字開頭的行 (前10行):
2025-10-15 16:09:23 - archaeology_questions - INFO -   第2行: 30110-30610
2025-10-15 16:09:23 - archaeology_questions - INFO -   第4行: 35110-35610
2025-10-15 16:09:23 - archaeology_questions - INFO -   第5行: 50110-51310
2025-10-15 16:09:23 - archaeology_questions - INFO -   第6行: 114年特種考試退除役軍人轉任公務人員考試試題
2025-10-15 16:09:23 - archaeology_questions - INFO -   第7行: 80110-80710
2025-10-15 16:09:23 - archaeology_questions - INFO -   第39行: 30110-30610
2025-10-15 16:09:23 - archaeology_questions - INFO -   第40行: 35110-35610
2025-10-15 16:09:23 - archaeology_questions - INFO -   第41行: 50110-51310
2025-10-15 16:09:23 - archaeology_questions - INFO -   第42行: 80110-80710
2025-10-15 16:09:23 - archaeology_questions - INFO -   第47行: 1 下列文句「」中用詞，何者最為妥切？
2025-10-15 16:09:23 - archaeology_questions - INFO - 
================================================================================
2025-10-15 16:09:23 - archaeology_questions - INFO - 調試PDF: 試題.pdf
2025-10-15 16:09:23 - archaeology_questions - INFO - ================================================================================
2025-10-15 16:09:23 - archaeology_questions - INFO - 開始處理PDF檔案: /workspace/考選部考古題完整庫/民國114年/民國114年_警察特考/行政警察/警察法規(包括警察法、行政執行法、社會秩序維護法、警械使用條例、集會遊行法、警察職權行使法、公務人員行政中立法)/試題.pdf
2025-10-15 16:09:23 - archaeology_questions - INFO - ✅ PDF文字提取完成，共 4 頁，4221 字元
2025-10-15 16:09:23 - archaeology_questions - INFO - 文字長度: 4221 字元
2025-10-15 16:09:23 - archaeology_questions - INFO - 前1000字元內容:
2025-10-15 16:09:23 - archaeology_questions - INFO - 代號：50120-50520 114年公務人員特種考試警察人員、一般警察人員、
50720、50820
51020、51220 國家安全局國家安全情報人員、移民行政人員考試及
51320
114年特種考試退除役軍人轉任公務人員考試試題
頁次：4－1
考 試 別：警察人員考試
等 別：三等考試
類科組別：行政警察人員、外事警察人員(選試英語)、刑事警察人員、公共安全人
員、犯罪防治人員預防組、交通警察人員交通組、警察資訊管理人員、國
境警察人員、警察法制人員、行政管理人員
科 目：警察法規(包括警察法、行政執行法、社會秩序維護法、警械使用條例、集
會遊行法、警察職權行使法、公務人員行政中立法)
考試時間：2 小時 座號：
※注意：禁止使用電子計算器。
甲、申論題部分：（50分）
不必抄題，作答時請將試題題號及答案依照順序寫在申論試卷上，於本試題上作答者，不予計分。
請以藍、黑色鋼筆或原子筆在申論試卷上作答。
本科目除專門名詞或數理公式外，應使用本國文字作答。
一、請說明警察職權行使法的「警察類型化措施」（或稱警察類型化職權、具
體警察措施）及「警察職權概括條款」（或稱警察概括職權）內容為何？
（10 分）兩者在適用上的原則為何？（5 分）並請論述其規範及內容是
否存在值得商榷之處？（10 分）
二、請說明「警察裁量」、「裁量瑕疵」的定義及類型？（15 分）並以警察法
規條文舉例論述之。（10 分）
乙、測驗題部分：（50分） 代號：2501
本試題為單一選擇題，請選出一個正確或最適當答案。
共25題，每題2分，須用2B鉛筆在試卡上依題號清楚劃記，於本試題或申論試卷上作答者，不予計分。
1 下列何者非屬準用公務人員行政中立法之人員？
經公務人員考試錄取，接受訓練之人員 各級學校之軍訓教官
行政法人有給專任之理事 私立學校校長及其兼任行政職務之教師
2 下列何者違反公務人員行政中立法所要求之行政中立？
於休假期間擔任罷免團體志工
加入政黨
具名不具銜兼任公職候選人競選辦事處之職務
登記為公職候選人，並自候選人名單公告之日起請事假
3 關於行政執行之類型，下列何者非屬之？
公法上金錢給付義務之執行 行為或不行為義務之執行
身分查證之詢問 即時強制
4 依行政執行法規定，關於行政執行機關得向其他機關請求協助之情形，下列何者錯誤？
須在管轄區
2025-10-15 16:09:23 - archaeology_questions - INFO - 找到的關鍵字: ['題', '選擇題']
2025-10-15 16:09:23 - archaeology_questions - INFO - 數字開頭的行 (前10行):
2025-10-15 16:09:23 - archaeology_questions - INFO -   第2行: 50720、50820
2025-10-15 16:09:23 - archaeology_questions - INFO -   第3行: 51020、51220 國家安全局國家安全情報人員、移民行政人員考試及
2025-10-15 16:09:23 - archaeology_questions - INFO -   第4行: 51320
2025-10-15 16:09:23 - archaeology_questions - INFO -   第5行: 114年特種考試退除役軍人轉任公務人員考試試題
2025-10-15 16:09:23 - archaeology_questions - INFO -   第22行: （10 分）兩者在適用上的原則為何？（5 分）並請論述其規範及內容是
2025-10-15 16:09:23 - archaeology_questions - INFO -   第29行: 1 下列何者非屬準用公務人員行政中立法之人員？
2025-10-15 16:09:23 - archaeology_questions - INFO -   第32行: 2 下列何者違反公務人員行政中立法所要求之行政中立？
2025-10-15 16:09:23 - archaeology_questions - INFO -   第37行: 3 關於行政執行之類型，下列何者非屬之？
2025-10-15 16:09:23 - archaeology_questions - INFO -   第40行: 4 依行政執行法規定，關於行政執行機關得向其他機關請求協助之情形，下列何者錯誤？
2025-10-15 16:09:23 - archaeology_questions - INFO -   第43行: 5 關於行政執行法中所稱執行機關，下列何者錯誤？
2025-10-15 16:09:56 - archaeology_questions - INFO - 開始處理PDF檔案: /workspace/考選部考古題完整庫/民國114年/民國114年_警察特考/行政警察/警察法規(包括警察法、行政執行法、社會秩序維護法、警械使用條例、集會遊行法、警察職權行使法、公務人員行政中立法)/試題.pdf
2025-10-15 16:09:56 - archaeology_questions - INFO - ✅ PDF文字提取完成，共 4 頁，4221 字元
2025-10-15 16:09:56 - archaeology_questions - INFO - 測驗題部分內容:
2025-10-15 16:09:56 - archaeology_questions - INFO - 乙、測驗題部分：（50分） 代號：2501
本試題為單一選擇題，請選出一個正確或最適當答案。
共25題，每題2分，須用2B鉛筆在試卡上依題號清楚劃記，於本試題或申論試卷上作答者，不予計分。
1 下列何者非屬準用公務人員行政中立法之人員？
經公務人員考試錄取，接受訓練之人員 各級學校之軍訓教官
行政法人有給專任之理事 私立學校校長及其兼任行政職務之教師
2 下列何者違反公務人員行政中立法所要求之行政中立？
於休假期間擔任罷免團體志工
加入政黨
具名不具銜兼任公職候選人競選辦事處之職務
登記為公職候選人，並自候選人名單公告之日起請事假
3 關於行政執行之類型，下列何者非屬之？
公法上金錢給付義務之執行 行為或不行為義務之執行
身分查證之詢問 即時強制
4 依行政執行法規定，關於行政執行機關得向其他機關請求協助之情形，下列何者錯誤？
須在管轄區域外執行 無適當之執行人員
執行時有遭遇抗拒之虞 執行職務所必要認定之事實，不能獨自調查
5 關於行政執行法中所稱執行機關，下列何者錯誤？
原處分機關 該管行政機關 法務部行政執行署 警察機關
代號： 50120-50520
50720、50820
51020、51220
51320
頁次： 4－2
6 依據警察職權行使法，警察得採行之即時強制，下列何者正確？
管收 扣留危險物品 限制住居 拘提
7 義務人或利害關係人針對警察依警察職權行使法行使職權，認有侵害其利益之情事時，當場應如
何救濟？
向行使職權之警察陳述理由，表示異議
向行使職權警察之長官陳述理由，表示異議
向行使職權警察所屬機關之上級機關，提起訴願
向高等行政法院之地方行政訴訟庭提起行政訴訟
8 關於警察對於集會、遊行得採行之措施，下列敘述何者錯誤？
應經許可之集會、遊行，未經許可而擅自舉行者，得予警告
依負責人之請求，到場疏導交通及維持秩序
於集會、遊行活動期間及活動前、後，得以科技工具蒐集參與者之現場活動資料
所蒐集集會、遊行參與者之資料，得為調查犯罪或其他違法行為，而延長保存
9 關於警察攔停交通工具，下列敘述何者錯誤？
限於已發生危害或依客觀合理判斷易生危害之交通工具
得令駕駛人出示身分證明證件
得檢查引擎之號碼
得要求駕駛人提供行車紀錄器內之影音資料供查閱
10 關於警察於公共場所查證身分時，依據警察職權行使法得蒐集之被查證人資料。下列何者非屬警
察得蒐集或出示之資料？
出生地 令其出示國民身分證
國籍 血液
11 關於警察於公共場所查證身分時，得採行之措施，下列何者錯誤？
攔停交通工具
令出示身分證明文件
若有明顯事實足認其有攜帶足以自殺、自傷或傷害他人生命或身體之物者，得檢查其身體及所
攜帶之物
若拒絕配合查證時，得不經當事人同意，當場強制拍攝其臉部照片，並於資料庫中查詢其身分
12 當集會、遊行之負責人宣布中止或結束集會、遊行時，參加人應如何自處？
應即解散
若集會、遊行尚未經主管機關命令解散，則無須解散
因其僅具建議及勸導之性質，故是否要解散，參加人得自行決定
得向主管機關表達異議
13 關於集會、遊行負責人之權責，下列敘述何者錯誤？
應填具申請書，向主管機關申請集會、遊行之許可
於集會、遊行中維持秩序
清理集會、遊行路線於使用後所遺廢棄物
宣布中止或結束集會、遊行，參加人未解散者，應強制其解散
14 關於偶發性及緊急性集會、遊行，下列敘述何者錯誤？
偶發性集會、遊行因特殊原因，未經召集自發聚集，事實上無所謂發起人或負責人，要求其事
前申請許可，係屬以法律課予人民事實上難以遵守之義務
緊急性集會、遊行因事起倉卒，非即刻舉行無法達到目的，實難期待應先取得許可後舉行
要求室外舉行之集會、遊行，應經主管機關之許可或報備，係屬立法者之形成自由
偶發性集會、遊行，因屬自發聚集，故其舉行區域不受集會遊行法第6條所定地區及週邊範圍之限制
代號：50120-50520
50720、50820
51020、51220
51320
頁次：4－3
15 偶發性集會、遊行為群眾因特殊原因未經召集自發聚集，事實上無所謂發起人或負責人，故無法
事先申請許可或報備。但於偶發性集會、遊行舉行中，以下何者將可能被認定為集會、遊行之負
責人，而應宣布集會、遊行之中止或結束？
偶發性集會、遊行因屬自發聚集，故其中止或結束亦應由參加人自發性為之
由主管機關於現場指定之人，宣布集會、遊行之中止或結束
曾上台發表講演者，均為負責人，應共同宣布之
於現場實際主持或指揮活動之人，為集會、遊行之負責人，應宣布集會、遊行之中止或結束
16 下列何者，仍可擔任集會、遊行中糾察員？
未成年 褫奪公權尚未復權
受監護之宣告，尚未撤銷 無中華
2025-10-15 16:10:32 - archaeology_questions - INFO - 配置已載入: config.json
2025-10-15 16:10:32 - archaeology_questions - INFO - 
================================================================================
2025-10-15 16:10:32 - archaeology_questions - INFO - 測試檔案: 試題.pdf
2025-10-15 16:10:32 - archaeology_questions - INFO - ================================================================================
2025-10-15 16:10:32 - archaeology_questions - INFO - 開始處理PDF檔案: /workspace/考選部考古題完整庫/民國114年/民國114年_警察特考/行政警察/國文(作文與測驗)/試題.pdf
2025-10-15 16:10:32 - archaeology_questions - INFO - ✅ PDF文字提取完成，共 4 頁，3736 字元
2025-10-15 16:10:32 - archaeology_questions - INFO - 文字長度: 3736 字元
2025-10-15 16:10:32 - archaeology_questions - WARNING - 未找到測驗題部分
2025-10-15 16:10:32 - archaeology_questions - INFO - 
================================================================================
2025-10-15 16:10:32 - archaeology_questions - INFO - 測試檔案: 試題.pdf
2025-10-15 16:10:32 - archaeology_questions - INFO - ================================================================================
2025-10-15 16:10:32 - archaeology_questions - INFO - 開始處理PDF檔案: /workspace/考選部考古題完整庫/民國114年/民國114年_警察特考/行政警察/警察法規(包括警察法、行政執行法、社會秩序維護法、警械使用條例、集會遊行法、警察職權行使法、公務人員行政中立法)/試題.pdf
2025-10-15 16:10:33 - archaeology_questions - INFO - ✅ PDF文字提取完成，共 4 頁，4221 字元
2025-10-15 16:10:33 - archaeology_questions - INFO - 文字長度: 4221 字元
2025-10-15 16:10:33 - archaeology_questions - INFO - 測驗題部分內容:
2025-10-15 16:10:33 - archaeology_questions - INFO - 乙、測驗題部分：（50分） 代號：2501
本試題為單一選擇題，請選出一個正確或最適當答案。
共25題，每題2分，須用2B鉛筆在試卡上依題號清楚劃記，於本試題或申論試卷上作答者，不予計分。
1 下列何者非屬準用公務人員行政中立法之人員？
經公務人員考試錄取，接受訓練之人員 各級學校之軍訓教官
行政法人有給專任之理事 私立學校校長及其兼任行政職務之教師
2 下列何者違反公務人員行政中立法所要求之行政中立？
於休假期間擔任罷免團體志工
加入政黨
具名不具銜兼任公職候選人競選辦事處之職務
登記為公職候選人，並自候選人名單公告之日起請事假
3 關於行政執行之類型，下列何者非屬之？
公法上金錢給付義務之執行 行為或不行為義務之執行
身分查證之詢問 即時強制
4 依行政執行法規定，關於行政執行機關得向其他機關請求協助之情形，下列何者錯誤？
須在管轄區域外執行 無適當之執行人員
執行時有遭遇抗拒之虞 執行職務所必要認定之事實，不能獨自調查
5 關於行政執行法中所稱執行機關，下列何者錯誤？
原處分機關 該管行政機關 法務部行政執行署 警察機關
代號： 501...
2025-10-15 16:10:33 - archaeology_questions - INFO - 開始解析題目
2025-10-15 16:10:33 - archaeology_questions - INFO - 未檢測到題組，解析一般題目
2025-10-15 16:10:33 - archaeology_questions - WARNING - 題目 2501 選項不足，跳過
2025-10-15 16:10:33 - archaeology_questions - WARNING - 題目 7 選項不足，跳過
2025-10-15 16:10:33 - archaeology_questions - WARNING - 題目 17 選項不足，跳過
2025-10-15 16:10:33 - archaeology_questions - WARNING - 題目 21 選項不足，跳過
2025-10-15 16:10:33 - archaeology_questions - INFO - ✅ 題目解析完成，共 20 題
2025-10-15 16:10:33 - archaeology_questions - INFO - 解析到 20 題
2025-10-15 16:10:33 - archaeology_questions - INFO - 
第 1 題:
2025-10-15 16:10:33 - archaeology_questions - INFO - 題號: 1
2025-10-15 16:10:33 - archaeology_questions - INFO - 題目: 下列何者非屬準用公務人員行政中立法之人員？
經公務人員考試錄取，接受訓練之人員 各級學校之軍訓教官
行政法人有給專任之理事 私立學校校長及其兼任行政職務之教師...
2025-10-15 16:10:33 - archaeology_questions - INFO - 選項A: 下列何者非屬準用公務人員行政中立法之人員？
2025-10-15 16:10:33 - archaeology_questions - INFO - 選項B: 下列何者非屬準用公務人員行政中立法之人員？ 經公務人員考試錄取，接受訓練之人員 各級學校之軍訓教官 行政法人有給專任之理事 私立學校校長及其兼任行政職務之教師
2025-10-15 16:10:33 - archaeology_questions - INFO - 選項C: 
2025-10-15 16:10:33 - archaeology_questions - INFO - 選項D: 
2025-10-15 16:10:33 - archaeology_questions - INFO - 
第 2 題:
2025-10-15 16:10:33 - archaeology_questions - INFO - 題號: 2
2025-10-15 16:10:33 - archaeology_questions - INFO - 題目: 下列何者違反公務人員行政中立法所要求之行政中立？
於休假期間擔任罷免團體志工
加入政黨
具名不具銜兼任公職候選人競選辦事處之職務
登記為公職候選人，並自候選人名單公告之日起請事假...
2025-10-15 16:10:33 - archaeology_questions - INFO - 選項A: 下列何者違反公務人員行政中立法所要求之行政中立？
2025-10-15 16:10:33 - archaeology_questions - INFO - 選項B: 下列何者違反公務人員行政中立法所要求之行政中立？ 於休假期間擔任罷免團體志工 加入政黨 具名不具銜兼任公職候選人競選辦事處之職務 登記為公職候選人，並自候選人名單公告之日起請事假
2025-10-15 16:10:33 - archaeology_questions - INFO - 選項C: 
2025-10-15 16:10:33 - archaeology_questions - INFO - 選項D: 
2025-10-15 16:10:33 - archaeology_questions - INFO - 
第 3 題:
2025-10-15 16:10:33 - archaeology_questions - INFO - 題號: 3
2025-10-15 16:10:33 - archaeology_questions - INFO - 題目: 關於行政執行之類型，下列何者非屬之？
公法上金錢給付義務之執行 行為或不行為義務之執行
身分查證之詢問 即時強制...
2025-10-15 16:10:33 - archaeology_questions - INFO - 選項A: 關於行政執行之類型，下列何者非屬之？
2025-10-15 16:10:33 - archaeology_questions - INFO - 選項B: 關於行政執行之類型，下列何者非屬之？ 公法上金錢給付義務之執行 行為或不行為義務之執行 身分查證之詢問 即時強制
2025-10-15 16:10:33 - archaeology_questions - INFO - 選項C: 
2025-10-15 16:10:33 - archaeology_questions - INFO - 選項D: 
2025-10-15 16:10:58 - archaeology_questions - INFO - 配置已載入: config.json
2025-10-15 16:10:58 - archaeology_questions - INFO - 
================================================================================
2025-10-15 16:10:58 - archaeology_questions - INFO - 測試檔案: 試題.pdf
2025-10-15 16:10:58 - archaeology_questions - INFO - ================================================================================
2025-10-15 16:10:58 - archaeology_questions - INFO - 開始處理PDF檔案: /workspace/考選部考古題完整庫/民國114年/民國114年_警察特考/行政警察/國文(作文與測驗)/試題.pdf
2025-10-15 16:10:59 - archaeology_questions - INFO - ✅ PDF文字提取完成，共 4 頁，3736 字元
2025-10-15 16:10:59 - archaeology_questions - INFO - 文字長度: 3736 字元
2025-10-15 16:10:59 - archaeology_questions - WARNING - 未找到測驗題部分
2025-10-15 16:10:59 - archaeology_questions - INFO - 
================================================================================
2025-10-15 16:10:59 - archaeology_questions - INFO - 測試檔案: 試題.pdf
2025-10-15 16:10:59 - archaeology_questions - INFO - ================================================================================
2025-10-15 16:10:59 - archaeology_questions - INFO - 開始處理PDF檔案: /workspace/考選部考古題完整庫/民國114年/民國114年_警察特考/行政警察/警察法規(包括警察法、行政執行法、社會秩序維護法、警械使用條例、集會遊行法、警察職權行使法、公務人員行政中立法)/試題.pdf
2025-10-15 16:10:59 - archaeology_questions - INFO - ✅ PDF文字提取完成，共 4 頁，4221 字元
2025-10-15 16:10:59 - archaeology_questions - INFO - 文字長度: 4221 字元
2025-10-15 16:10:59 - archaeology_questions - INFO - 測驗題部分內容:
2025-10-15 16:10:59 - archaeology_questions - INFO - 乙、測驗題部分：（50分） 代號：2501
本試題為單一選擇題，請選出一個正確或最適當答案。
共25題，每題2分，須用2B鉛筆在試卡上依題號清楚劃記，於本試題或申論試卷上作答者，不予計分。
1 下列何者非屬準用公務人員行政中立法之人員？
經公務人員考試錄取，接受訓練之人員 各級學校之軍訓教官
行政法人有給專任之理事 私立學校校長及其兼任行政職務之教師
2 下列何者違反公務人員行政中立法所要求之行政中立？
於休假期間擔任罷免團體志工
加入政黨
具名不具銜兼任公職候選人競選辦事處之職務
登記為公職候選人，並自候選人名單公告之日起請事假
3 關於行政執行之類型，下列何者非屬之？
公法上金錢給付義務之執行 行為或不行為義務之執行
身分查證之詢問 即時強制
4 依行政執行法規定，關於行政執行機關得向其他機關請求協助之情形，下列何者錯誤？
須在管轄區域外執行 無適當之執行人員
執行時有遭遇抗拒之虞 執行職務所必要認定之事實，不能獨自調查
5 關於行政執行法中所稱執行機關，下列何者錯誤？
原處分機關 該管行政機關 法務部行政執行署 警察機關
代號： 501...
2025-10-15 16:10:59 - archaeology_questions - INFO - 開始解析題目
2025-10-15 16:10:59 - archaeology_questions - INFO - 未檢測到題組，解析一般題目
2025-10-15 16:10:59 - archaeology_questions - INFO - ✅ 題目解析完成，共 24 題
2025-10-15 16:10:59 - archaeology_questions - INFO - 解析到 24 題
2025-10-15 16:10:59 - archaeology_questions - INFO - 
第 1 題:
2025-10-15 16:10:59 - archaeology_questions - INFO - 題號: 2501
2025-10-15 16:10:59 - archaeology_questions - INFO - 題目: 本試題為單一選擇題，請選出一個正確或最適當答案。
共25題，每題2分，須用2B鉛筆在試卡上依題號清楚劃記，於本試題或申論試卷上作答者，不予計分。...
2025-10-15 16:10:59 - archaeology_questions - INFO - 選項A: 於本試題或申論試卷上作答者，不予計分。
2025-10-15 16:10:59 - archaeology_questions - INFO - 選項B: 依題號清楚劃記，於本試題或申論試卷上作答者，不予計分。
2025-10-15 16:10:59 - archaeology_questions - INFO - 選項C: 當答案。
共25題，每題2分，須用2B鉛筆在試卡上依題號清楚劃記，於本試題或申論試卷上作答者，不予計分。
2025-10-15 16:10:59 - archaeology_questions - INFO - 選項D: 
2025-10-15 16:10:59 - archaeology_questions - INFO - 
第 2 題:
2025-10-15 16:10:59 - archaeology_questions - INFO - 題號: 1
2025-10-15 16:10:59 - archaeology_questions - INFO - 題目: 下列何者非屬準用公務人員行政中立法之人員？
經公務人員考試錄取，接受訓練之人員 各級學校之軍訓教官
行政法人有給專任之理事 私立學校校長及其兼任行政職務之教師...
2025-10-15 16:10:59 - archaeology_questions - INFO - 選項A: 經公務人員考試錄取，接受訓練之人員 
2025-10-15 16:10:59 - archaeology_questions - INFO - 選項B: 各級學校之軍訓教官

2025-10-15 16:10:59 - archaeology_questions - INFO - 選項C: 行政中立法之人員？
經公務人員考試錄取，接受訓練之人員 各級學校之軍訓教官
行政法人有給專任之理事 
2025-10-15 16:10:59 - archaeology_questions - INFO - 選項D: 私立學校校長及其兼任行政職務之教師
2025-10-15 16:10:59 - archaeology_questions - INFO - 
第 3 題:
2025-10-15 16:10:59 - archaeology_questions - INFO - 題號: 2
2025-10-15 16:10:59 - archaeology_questions - INFO - 題目: 下列何者違反公務人員行政中立法所要求之行政中立？
於休假期間擔任罷免團體志工
加入政黨
具名不具銜兼任公職候選人競選辦事處之職務
登記為公職候選人，並自候選人名單公告之日起請事假...
2025-10-15 16:10:59 - archaeology_questions - INFO - 選項A: 行政中立法所要求之行政中立？

2025-10-15 16:10:59 - archaeology_questions - INFO - 選項B: 於休假期間擔任罷免團體志工
加入政黨
具名不具銜兼任公職候選人競選辦事處之職務
登記為公職候選人，並自候選人名單公告之日起請事假
2025-10-15 16:10:59 - archaeology_questions - INFO - 選項C: 下列何者違反公務人員行政中立法所要求之行政中立？
於休假期間擔任罷免團體志工
加入政黨
具名不具銜兼任公職候選人競選辦事處之職務
登記為公職候選人，並自候選人名單公告之日起請事假
2025-10-15 16:10:59 - archaeology_questions - INFO - 選項D: 
2025-10-15 16:12:43 - archaeology_questions - INFO - 開始處理PDF檔案: /workspace/考選部考古題完整庫/民國114年/民國114年_警察特考/行政警察/警察法規(包括警察法、行政執行法、社會秩序維護法、警械使用條例、集會遊行法、警察職權行使法、公務人員行政中立法)/試題.pdf
2025-10-15 16:12:43 - archaeology_questions - INFO - ✅ PDF文字提取完成，共 4 頁，4221 字元
2025-10-15 16:12:43 - archaeology_questions - INFO - 測驗題部分內容:
2025-10-15 16:12:43 - archaeology_questions - INFO - 乙、測驗題部分：（50分） 代號：2501
本試題為單一選擇題，請選出一個正確或最適當答案。
共25題，每題2分，須用2B鉛筆在試卡上依題號清楚劃記，於本試題或申論試卷上作答者，不予計分。
1 下列何者非屬準用公務人員行政中立法之人員？
經公務人員考試錄取，接受訓練之人員 各級學校之軍訓教官
行政法人有給專任之理事 私立學校校長及其兼任行政職務之教師
2 下列何者違反公務人員行政中立法所要求之行政中立？
於休假期間擔任罷免團體志工
加入政黨
具名不具銜兼任公職候選人競選辦事處之職務
登記為公職候選人，並自候選人名單公告之日起請事假
3 關於行政執行之類型，下列何者非屬之？
公法上金錢給付義務之執行 行為或不行為義務之執行
身分查證之詢問 即時強制
4 依行政執行法規定，關於行政執行機關得向其他機關請求協助之情形，下列何者錯誤？
須在管轄區域外執行 無適當之執行人員
執行時有遭遇抗拒之虞 執行職務所必要認定之事實，不能獨自調查
5 關於行政執行法中所稱執行機關，下列何者錯誤？
原處分機關 該管行政機關 法務部行政執行署 警察機關
代號： 50120-50520
50720、50820
51020、51220
51320
頁次： 4－2
6 依據警察職權行使法，警察得採行之即時強制，下列何者正確？
管收 扣留危險物品 限制住居 拘提
7 義務人或利害關係人針對警察依警察職權行使法行使職權，認有侵害其利益之情事時，當場應如
何救濟？
向行使職權之警察陳述理由，表示異議
向行使職權警察之長官陳述理由，表示異議
向行使職權警察所屬機關之上級機關，提起訴願
向高等行政法院之地方行政訴訟庭提起行政訴訟
8 關於警察對於集會、遊行得採行之措施，下列敘述何者錯誤？
應經許可之集會、遊行，未經許可而擅自舉行者，得予警告
依負責人之請求，到場疏導交通及維持秩序
於集會、遊行活動期間及活動前、後，得以科技工具蒐集參與者之現場活動資料
所蒐集集會、遊行參與者之資料，得為調查犯罪或其他違法行為，而延長保存
9 關於警察攔停交通工具，下列敘述何者錯誤？
限於已發生危害或依客觀合理判斷易生危害之交通工具
得令駕駛人出示身分證明證件
得檢查引擎之號碼
得要求駕駛人提供行車紀錄器內之影音資料供查閱
10 關於警察於公共場所查證身分時，依據警察職權行使法得蒐集之被查證人資料。下列何者非屬警
察得蒐集或出示之資料？
出生地 令其出示國民身分證
國籍 血液
11 關於警察於公共場所查證身分時，得採行之措施，下列何者錯誤？
攔停交通工具
令出示身分證明文件
若有明顯事實足認其有攜帶足以自殺、自傷或傷害他人生命或身體之物者，得檢查其身體及所
攜帶之物
若拒絕配合查證時，得不經當事人同意，當場強制拍攝其臉部照片，並於資料庫中查詢其身分
12 當集會、遊行之負責人宣布中止或結束集會、遊行時，參加人應如何自處？
應即解散
若集會、遊行尚未經主管機關命令解散，則無須解散
因其僅具建議及勸導之性質，故是否要解散，參加人得自行決定
得向主管機關表達異議
13 關於集會、遊行負責人之權責，下列敘述何者錯誤？
應填具申請書，向主管機關申請集會、遊行之許可
於集會、遊行中維持秩序
清理集會、遊行路線於使用後所遺廢棄物
宣布中止或結束集會、遊行，參加人未解散者，應強制其解散
14 關於偶發性及緊急性集會、遊行，下列敘述何者錯誤？
偶發性集會、遊行因特殊原因，未經召集自發聚集，事實上無所謂發起人或負責人，要求其事
前申請許可，係屬以法律課予人民事實上難以遵守之義務
緊急性集會、遊行因事起倉卒，非即刻舉行無法達到目的，實難期待應先取得許可後舉行
要求室外舉行之集會、遊行，應經主管機關之許可或報備，係屬立法者之形成自由
偶發性集會、遊行，因屬自發聚集，故其舉行區域不受集會遊行法第6條所定地區及週邊範圍之限制
代號：50120-50520
50720、50820
51020、51220
51320
頁次：4－3
15 偶發性集會、遊行為群眾因特殊原因未經召集自發聚集，事實上無所謂發起人或負責人，故無法
事先申請許可或報備。但於偶發性集會、遊行舉行中，以下何者將可能被認定為集會、遊行之負
責人，而應宣布集會、遊行之中止或結束？
偶發性集會、遊行因屬自發聚集，故其中止或結束亦應由參加人自發性為之
由主管機關於現場指定之人，宣布集會、遊行之中止或結束
曾上台發表講演者，均為負責人，應共同宣布之
於現場實際主持或指揮活動之人，為集會、遊行之負責人，應宣布集會、遊行之中止或結束
16 下列何者，仍可擔任集會、遊行中糾察員？
未成年 褫奪公權尚未復權
受監護之宣告，尚未撤銷 無中華
2025-10-15 16:12:43 - archaeology_questions - INFO - 
第一題分析:
2025-10-15 16:12:43 - archaeology_questions - INFO - 原始內容: '1 下列何者非屬準用公務人員行政中立法之人員？\n經公務人員考試錄取，接受訓練之人員 各級學校之軍訓教官\n行政法人有給專任之理事 私立學校校長及其兼任行政職務之教師'
2025-10-15 16:12:43 - archaeology_questions - INFO - 按行分割: ['1 下列何者非屬準用公務人員行政中立法之人員？', '經公務人員考試錄取，接受訓練之人員 各級學校之軍訓教官', '行政法人有給專任之理事 私立學校校長及其兼任行政職務之教師']
2025-10-15 16:12:43 - archaeology_questions - INFO - 按空格分割: ['1', '下列何者非屬準用公務人員行政中立法之人員？', '經公務人員考試錄取，接受訓練之人員', '各級學校之軍訓教官', '行政法人有給專任之理事', '私立學校校長及其兼任行政職務之教師']
2025-10-15 16:12:43 - archaeology_questions - INFO - 特殊符號: ['？', '，']
2025-10-15 16:12:43 - archaeology_questions - INFO - 選項開始位置: [(14, '行', '行政中立法之人員？\n經公務人員考試錄取，接受訓練之人員 各級學校之軍訓教官\n行政法人有給專任之理事 '), (24, '經', '經公務人員考試錄取，接受訓練之人員 各級學校之軍訓教官\n行政法人有給專任之理事 私立學校校長及其兼任'), (42, '各', '各級學校之軍訓教官\n行政法人有給專任之理事 私立學校校長及其兼任行政職務之教師'), (52, '行', '行政法人有給專任之理事 私立學校校長及其兼任行政職務之教師'), (64, '私', '私立學校校長及其兼任行政職務之教師'), (74, '行', '行政職務之教師')]
2025-10-15 16:13:18 - archaeology_questions - INFO - 配置已載入: config.json
2025-10-15 16:13:18 - archaeology_questions - INFO - 
================================================================================
2025-10-15 16:13:18 - archaeology_questions - INFO - 測試檔案: 試題.pdf
2025-10-15 16:13:18 - archaeology_questions - INFO - ================================================================================
2025-10-15 16:13:18 - archaeology_questions - INFO - 開始處理PDF檔案: /workspace/考選部考古題完整庫/民國114年/民國114年_警察特考/行政警察/國文(作文與測驗)/試題.pdf
2025-10-15 16:13:19 - archaeology_questions - INFO - ✅ PDF文字提取完成，共 4 頁，3736 字元
2025-10-15 16:13:19 - archaeology_questions - INFO - 文字長度: 3736 字元
2025-10-15 16:13:19 - archaeology_questions - WARNING - 未找到測驗題部分
2025-10-15 16:13:19 - archaeology_questions - INFO - 
================================================================================
2025-10-15 16:13:19 - archaeology_questions - INFO - 測試檔案: 試題.pdf
2025-10-15 16:13:19 - archaeology_questions - INFO - ================================================================================
2025-10-15 16:13:19 - archaeology_questions - INFO - 開始處理PDF檔案: /workspace/考選部考古題完整庫/民國114年/民國114年_警察特考/行政警察/警察法規(包括警察法、行政執行法、社會秩序維護法、警械使用條例、集會遊行法、警察職權行使法、公務人員行政中立法)/試題.pdf
2025-10-15 16:13:19 - archaeology_questions - INFO - ✅ PDF文字提取完成，共 4 頁，4221 字元
2025-10-15 16:13:19 - archaeology_questions - INFO - 文字長度: 4221 字元
2025-10-15 16:13:19 - archaeology_questions - INFO - 測驗題部分內容:
2025-10-15 16:13:19 - archaeology_questions - INFO - 乙、測驗題部分：（50分） 代號：2501
本試題為單一選擇題，請選出一個正確或最適當答案。
共25題，每題2分，須用2B鉛筆在試卡上依題號清楚劃記，於本試題或申論試卷上作答者，不予計分。
1 下列何者非屬準用公務人員行政中立法之人員？
經公務人員考試錄取，接受訓練之人員 各級學校之軍訓教官
行政法人有給專任之理事 私立學校校長及其兼任行政職務之教師
2 下列何者違反公務人員行政中立法所要求之行政中立？
於休假期間擔任罷免團體志工
加入政黨
具名不具銜兼任公職候選人競選辦事處之職務
登記為公職候選人，並自候選人名單公告之日起請事假
3 關於行政執行之類型，下列何者非屬之？
公法上金錢給付義務之執行 行為或不行為義務之執行
身分查證之詢問 即時強制
4 依行政執行法規定，關於行政執行機關得向其他機關請求協助之情形，下列何者錯誤？
須在管轄區域外執行 無適當之執行人員
執行時有遭遇抗拒之虞 執行職務所必要認定之事實，不能獨自調查
5 關於行政執行法中所稱執行機關，下列何者錯誤？
原處分機關 該管行政機關 法務部行政執行署 警察機關
代號： 501...
2025-10-15 16:13:19 - archaeology_questions - INFO - 開始解析題目
2025-10-15 16:13:19 - archaeology_questions - INFO - 未檢測到題組，解析一般題目
2025-10-15 16:13:19 - archaeology_questions - WARNING - 題目 23 選項不足，跳過
2025-10-15 16:13:19 - archaeology_questions - INFO - ✅ 題目解析完成，共 23 題
2025-10-15 16:13:19 - archaeology_questions - INFO - 解析到 23 題
2025-10-15 16:13:19 - archaeology_questions - INFO - 
第 1 題:
2025-10-15 16:13:19 - archaeology_questions - INFO - 題號: 2501
2025-10-15 16:13:19 - archaeology_questions - INFO - 題目: 本試題為單一選擇題，請選出一個正確或最適當答案。
共25題，每題2分，須用2B鉛筆在試卡上依題號清楚劃記，於本試題或申論試卷上作答者，不予計分。...
2025-10-15 16:13:19 - archaeology_questions - INFO - 選項A: 本試題為單一選擇題，請選出一個正確或最適當答案。
2025-10-15 16:13:19 - archaeology_questions - INFO - 選項B: 共25題，每題2分，須用2B鉛筆在試卡上依題號清楚劃記，於本試題或申論試卷上作答者，不予計分。
2025-10-15 16:13:19 - archaeology_questions - INFO - 選項C: 
2025-10-15 16:13:19 - archaeology_questions - INFO - 選項D: 
2025-10-15 16:13:19 - archaeology_questions - INFO - 
第 2 題:
2025-10-15 16:13:19 - archaeology_questions - INFO - 題號: 1
2025-10-15 16:13:19 - archaeology_questions - INFO - 題目: 下列何者非屬準用公務人員行政中立法之人員？
經公務人員考試錄取，接受訓練之人員 各級學校之軍訓教官
行政法人有給專任之理事 私立學校校長及其兼任行政職務之教師...
2025-10-15 16:13:19 - archaeology_questions - INFO - 選項A: 經公務人員考試錄取，接受訓練之人員 各級學校之軍訓教官
2025-10-15 16:13:19 - archaeology_questions - INFO - 選項B: 行政法人有給專任之理事 私立學校校長及其兼任行政職務之教師
2025-10-15 16:13:19 - archaeology_questions - INFO - 選項C: 
2025-10-15 16:13:19 - archaeology_questions - INFO - 選項D: 
2025-10-15 16:13:19 - archaeology_questions - INFO - 
第 3 題:
2025-10-15 16:13:19 - archaeology_questions - INFO - 題號: 2
2025-10-15 16:13:19 - archaeology_questions - INFO - 題目: 下列何者違反公務人員行政中立法所要求之行政中立？
於休假期間擔任罷免團體志工
加入政黨
具名不具銜兼任公職候選人競選辦事處之職務
登記為公職候選人，並自候選人名單公告之日起請事假...
2025-10-15 16:13:19 - archaeology_questions - INFO - 選項A: 於休假期間擔任罷免團體志工
2025-10-15 16:13:19 - archaeology_questions - INFO - 選項B: 具名不具銜兼任公職候選人競選辦事處之職務
2025-10-15 16:13:19 - archaeology_questions - INFO - 選項C: 登記為公職候選人，並自候選人名單公告之日起請事假
2025-10-15 16:13:19 - archaeology_questions - INFO - 選項D: 
2025-10-15 16:14:15 - archaeology_questions - INFO - 配置已載入: config.json
2025-10-15 16:14:15 - archaeology_questions - INFO - 
================================================================================
2025-10-15 16:14:15 - archaeology_questions - INFO - 測試檔案: 試題.pdf
2025-10-15 16:14:15 - archaeology_questions - INFO - ================================================================================
2025-10-15 16:14:15 - archaeology_questions - INFO - 開始處理PDF檔案: /workspace/考選部考古題完整庫/民國114年/民國114年_警察特考/行政警察/國文(作文與測驗)/試題.pdf
2025-10-15 16:14:15 - archaeology_questions - INFO - ✅ PDF文字提取完成，共 4 頁，3736 字元
2025-10-15 16:14:15 - archaeology_questions - INFO - 文字長度: 3736 字元
2025-10-15 16:14:15 - archaeology_questions - WARNING - 未找到測驗題部分
2025-10-15 16:14:15 - archaeology_questions - INFO - 
================================================================================
2025-10-15 16:14:15 - archaeology_questions - INFO - 測試檔案: 試題.pdf
2025-10-15 16:14:15 - archaeology_questions - INFO - ================================================================================
2025-10-15 16:14:15 - archaeology_questions - INFO - 開始處理PDF檔案: /workspace/考選部考古題完整庫/民國114年/民國114年_警察特考/行政警察/警察法規(包括警察法、行政執行法、社會秩序維護法、警械使用條例、集會遊行法、警察職權行使法、公務人員行政中立法)/試題.pdf
2025-10-15 16:14:16 - archaeology_questions - INFO - ✅ PDF文字提取完成，共 4 頁，4221 字元
2025-10-15 16:14:16 - archaeology_questions - INFO - 文字長度: 4221 字元
2025-10-15 16:14:16 - archaeology_questions - INFO - 測驗題部分內容:
2025-10-15 16:14:16 - archaeology_questions - INFO - 乙、測驗題部分：（50分） 代號：2501
本試題為單一選擇題，請選出一個正確或最適當答案。
共25題，每題2分，須用2B鉛筆在試卡上依題號清楚劃記，於本試題或申論試卷上作答者，不予計分。
1 下列何者非屬準用公務人員行政中立法之人員？
經公務人員考試錄取，接受訓練之人員 各級學校之軍訓教官
行政法人有給專任之理事 私立學校校長及其兼任行政職務之教師
2 下列何者違反公務人員行政中立法所要求之行政中立？
於休假期間擔任罷免團體志工
加入政黨
具名不具銜兼任公職候選人競選辦事處之職務
登記為公職候選人，並自候選人名單公告之日起請事假
3 關於行政執行之類型，下列何者非屬之？
公法上金錢給付義務之執行 行為或不行為義務之執行
身分查證之詢問 即時強制
4 依行政執行法規定，關於行政執行機關得向其他機關請求協助之情形，下列何者錯誤？
須在管轄區域外執行 無適當之執行人員
執行時有遭遇抗拒之虞 執行職務所必要認定之事實，不能獨自調查
5 關於行政執行法中所稱執行機關，下列何者錯誤？
原處分機關 該管行政機關 法務部行政執行署 警察機關
代號： 501...
2025-10-15 16:14:16 - archaeology_questions - INFO - 開始解析題目
2025-10-15 16:14:16 - archaeology_questions - INFO - 未檢測到題組，解析一般題目
2025-10-15 16:14:16 - archaeology_questions - WARNING - 題目 23 選項不足，跳過
2025-10-15 16:14:16 - archaeology_questions - INFO - ✅ 題目解析完成，共 10 題
2025-10-15 16:14:16 - archaeology_questions - INFO - 解析到 10 題
2025-10-15 16:14:16 - archaeology_questions - INFO - 
第 1 題:
2025-10-15 16:14:16 - archaeology_questions - INFO - 題號: 2
2025-10-15 16:14:16 - archaeology_questions - INFO - 題目: 下列何者違反公務人員行政中立法所要求之行政中立？
於休假期間擔任罷免團體志工
加入政黨
具名不具銜兼任公職候選人競選辦事處之職務
登記為公職候選人，並自候選人名單公告之日起請事假...
2025-10-15 16:14:16 - archaeology_questions - INFO - 選項A: 於休假期間擔任罷免團體志工
2025-10-15 16:14:16 - archaeology_questions - INFO - 選項B: 具名不具銜兼任公職候選人競選辦事處之職務
2025-10-15 16:14:16 - archaeology_questions - INFO - 選項C: 登記為公職候選人，並自候選人名單公告之日起請事假
2025-10-15 16:14:16 - archaeology_questions - INFO - 選項D: 
2025-10-15 16:14:16 - archaeology_questions - INFO - 
第 2 題:
2025-10-15 16:14:16 - archaeology_questions - INFO - 題號: 3
2025-10-15 16:14:16 - archaeology_questions - INFO - 題目: 關於行政執行之類型，下列何者非屬之？
公法上金錢給付義務之執行 行為或不行為義務之執行
身分查證之詢問 即時強制...
2025-10-15 16:14:16 - archaeology_questions - INFO - 選項A: 公法上金錢給付義務之執行 行為或不行為義務之執行
2025-10-15 16:14:16 - archaeology_questions - INFO - 選項B: 身分查證之詢問 即時強制
2025-10-15 16:14:16 - archaeology_questions - INFO - 選項C: 
2025-10-15 16:14:16 - archaeology_questions - INFO - 選項D: 
2025-10-15 16:14:16 - archaeology_questions - INFO - 
第 3 題:
2025-10-15 16:14:16 - archaeology_questions - INFO - 題號: 7
2025-10-15 16:14:16 - archaeology_questions - INFO - 題目: 義務人或利害關係人針對警察依警察職權行使法行使職權，認有侵害其利益之情事時，當場應如
何救濟？
向行使職權之警察陳述理由，表示異議
向行使職權警察之長官陳述理由，表示異議
向行使職權警察所屬機關...
2025-10-15 16:14:16 - archaeology_questions - INFO - 選項A: 義務人或利害關係人針對警察依警察職權行使法行使職權，認有侵害其利益之情事時，當場應如
2025-10-15 16:14:16 - archaeology_questions - INFO - 選項B: 向行使職權之警察陳述理由，表示異議
2025-10-15 16:14:16 - archaeology_questions - INFO - 選項C: 向行使職權警察之長官陳述理由，表示異議
2025-10-15 16:14:16 - archaeology_questions - INFO - 選項D: 向行使職權警察所屬機關之上級機關，提起訴願
2025-10-15 16:14:39 - archaeology_questions - INFO - 配置已載入: config.json
2025-10-15 16:14:39 - archaeology_questions - INFO - 開始測試 4 個真實考古題
2025-10-15 16:14:39 - archaeology_questions - INFO - 
============================================================
2025-10-15 16:14:39 - archaeology_questions - INFO - 測試 1/4: 警察特考行政警察_國文
2025-10-15 16:14:39 - archaeology_questions - INFO - 描述: 國文選擇題，測試基本解析功能
2025-10-15 16:14:39 - archaeology_questions - INFO - ============================================================
2025-10-15 16:14:39 - archaeology_questions - INFO - 開始處理單一PDF: /workspace/考選部考古題完整庫/民國114年/民國114年_警察特考/行政警察/國文(作文與測驗)/試題.pdf
2025-10-15 16:14:39 - archaeology_questions - INFO - 開始處理PDF檔案: /workspace/考選部考古題完整庫/民國114年/民國114年_警察特考/行政警察/國文(作文與測驗)/試題.pdf
2025-10-15 16:14:39 - archaeology_questions - INFO - 開始處理PDF檔案: /workspace/考選部考古題完整庫/民國114年/民國114年_警察特考/行政警察/國文(作文與測驗)/試題.pdf
2025-10-15 16:14:39 - archaeology_questions - INFO - ✅ PDF文字提取完成，共 4 頁，3736 字元
2025-10-15 16:14:39 - archaeology_questions - INFO - 開始解析題目
2025-10-15 16:14:39 - archaeology_questions - INFO - 未檢測到題組，解析一般題目
2025-10-15 16:14:39 - archaeology_questions - INFO - ✅ 題目解析完成，共 3 題
2025-10-15 16:14:39 - archaeology_questions - INFO - 開始處理PDF檔案: /workspace/考選部考古題完整庫/民國114年/民國114年_警察特考/行政警察/國文(作文與測驗)/答案.pdf
2025-10-15 16:14:39 - archaeology_questions - INFO - ✅ PDF文字提取完成，共 1 頁，1023 字元
2025-10-15 16:14:39 - archaeology_questions - INFO - 開始提取答案
2025-10-15 16:14:39 - archaeology_questions - INFO - ✅ 答案提取完成，共找到 0 個答案
2025-10-15 16:14:39 - archaeology_questions - INFO - 開始生成題目CSV: /workspace/test_output/真實考古題測試_警察特考行政警察_國文/試題.csv
2025-10-15 16:14:39 - archaeology_questions - INFO - ✅ 題目CSV生成完成: /workspace/test_output/真實考古題測試_警察特考行政警察_國文/試題.csv
2025-10-15 16:14:39 - archaeology_questions - INFO - 開始生成Google表單CSV: /workspace/test_output/真實考古題測試_警察特考行政警察_國文/試題_Google表單.csv
2025-10-15 16:14:39 - archaeology_questions - INFO - ✅ Google表單CSV生成完成: /workspace/test_output/真實考古題測試_警察特考行政警察_國文/試題_Google表單.csv
2025-10-15 16:14:39 - archaeology_questions - INFO - 開始生成題組分類CSV: /workspace/test_output/真實考古題測試_警察特考行政警察_國文
2025-10-15 16:14:39 - archaeology_questions - INFO - 開始生成題目CSV: /workspace/test_output/真實考古題測試_警察特考行政警察_國文/一般題目.csv
2025-10-15 16:14:39 - archaeology_questions - INFO - ✅ 題目CSV生成完成: /workspace/test_output/真實考古題測試_警察特考行政警察_國文/一般題目.csv
2025-10-15 16:14:39 - archaeology_questions - INFO - 開始生成題目CSV: /workspace/test_output/真實考古題測試_警察特考行政警察_國文/完整題目.csv
2025-10-15 16:14:39 - archaeology_questions - INFO - ✅ 題目CSV生成完成: /workspace/test_output/真實考古題測試_警察特考行政警察_國文/完整題目.csv
2025-10-15 16:14:39 - archaeology_questions - INFO - ✅ 題組分類CSV生成完成，共 2 個檔案
2025-10-15 16:14:39 - archaeology_questions - INFO - 答案統計: {'A': 0, 'B': 0, 'C': 0, 'D': 0, '無效': 0}
2025-10-15 16:14:39 - archaeology_questions - INFO - ✅ PDF處理完成: 3 題，4 個CSV檔案
2025-10-15 16:14:39 - archaeology_questions - INFO - 開始生成Google Apps Script: /workspace/test_output/真實考古題測試_警察特考行政警察_國文/試題_Google表單.csv
2025-10-15 16:14:39 - archaeology_questions - INFO - ✅ Google Apps Script生成完成: /workspace/test_output/真實考古題測試_警察特考行政警察_國文/試題_GoogleAppsScript.js
2025-10-15 16:14:39 - archaeology_questions - INFO - ✅ Google Apps Script已生成: /workspace/test_output/真實考古題測試_警察特考行政警察_國文/試題_GoogleAppsScript.js
2025-10-15 16:14:39 - archaeology_questions - INFO - ✅ ✅ 警察特考行政警察_國文 處理成功
2025-10-15 16:14:39 - archaeology_questions - INFO - 
============================================================
2025-10-15 16:14:39 - archaeology_questions - INFO - 測試 2/4: 警察特考行政警察_警察法規
2025-10-15 16:14:39 - archaeology_questions - INFO - 描述: 專業法規題目，測試複雜題型解析
2025-10-15 16:14:39 - archaeology_questions - INFO - ============================================================
2025-10-15 16:14:39 - archaeology_questions - INFO - 開始處理單一PDF: /workspace/考選部考古題完整庫/民國114年/民國114年_警察特考/行政警察/警察法規(包括警察法、行政執行法、社會秩序維護法、警械使用條例、集會遊行法、警察職權行使法、公務人員行政中立法)/試題.pdf
2025-10-15 16:14:39 - archaeology_questions - INFO - 開始處理PDF檔案: /workspace/考選部考古題完整庫/民國114年/民國114年_警察特考/行政警察/警察法規(包括警察法、行政執行法、社會秩序維護法、警械使用條例、集會遊行法、警察職權行使法、公務人員行政中立法)/試題.pdf
2025-10-15 16:14:39 - archaeology_questions - INFO - 開始處理PDF檔案: /workspace/考選部考古題完整庫/民國114年/民國114年_警察特考/行政警察/警察法規(包括警察法、行政執行法、社會秩序維護法、警械使用條例、集會遊行法、警察職權行使法、公務人員行政中立法)/試題.pdf
2025-10-15 16:14:40 - archaeology_questions - INFO - ✅ PDF文字提取完成，共 4 頁，4221 字元
2025-10-15 16:14:40 - archaeology_questions - INFO - 開始解析題目
2025-10-15 16:14:40 - archaeology_questions - INFO - 未檢測到題組，解析一般題目
2025-10-15 16:14:40 - archaeology_questions - WARNING - 題目 10 選項不足，跳過
2025-10-15 16:14:40 - archaeology_questions - WARNING - 題目 10 選項不足，跳過
2025-10-15 16:14:40 - archaeology_questions - INFO - ✅ 題目解析完成，共 18 題
2025-10-15 16:14:40 - archaeology_questions - INFO - 開始處理PDF檔案: /workspace/考選部考古題完整庫/民國114年/民國114年_警察特考/行政警察/警察法規(包括警察法、行政執行法、社會秩序維護法、警械使用條例、集會遊行法、警察職權行使法、公務人員行政中立法)/答案.pdf
2025-10-15 16:14:40 - archaeology_questions - INFO - ✅ PDF文字提取完成，共 1 頁，901 字元
2025-10-15 16:14:40 - archaeology_questions - INFO - 開始提取答案
2025-10-15 16:14:40 - archaeology_questions - INFO - ✅ 答案提取完成，共找到 0 個答案
2025-10-15 16:14:40 - archaeology_questions - INFO - 開始處理PDF檔案: /workspace/考選部考古題完整庫/民國114年/民國114年_警察特考/行政警察/警察法規(包括警察法、行政執行法、社會秩序維護法、警械使用條例、集會遊行法、警察職權行使法、公務人員行政中立法)/更正答案.pdf
2025-10-15 16:14:40 - archaeology_questions - INFO - ✅ PDF文字提取完成，共 1 頁，925 字元
2025-10-15 16:14:40 - archaeology_questions - INFO - 開始提取更正答案
2025-10-15 16:14:40 - archaeology_questions - INFO - ✅ 更正答案提取完成，共找到 0 個更正答案
2025-10-15 16:14:40 - archaeology_questions - INFO - 開始生成題目CSV: /workspace/test_output/真實考古題測試_警察特考行政警察_警察法規/試題.csv
2025-10-15 16:14:40 - archaeology_questions - INFO - ✅ 題目CSV生成完成: /workspace/test_output/真實考古題測試_警察特考行政警察_警察法規/試題.csv
2025-10-15 16:14:40 - archaeology_questions - INFO - 開始生成Google表單CSV: /workspace/test_output/真實考古題測試_警察特考行政警察_警察法規/試題_Google表單.csv
2025-10-15 16:14:40 - archaeology_questions - INFO - ✅ Google表單CSV生成完成: /workspace/test_output/真實考古題測試_警察特考行政警察_警察法規/試題_Google表單.csv
2025-10-15 16:14:40 - archaeology_questions - INFO - 開始生成題組分類CSV: /workspace/test_output/真實考古題測試_警察特考行政警察_警察法規
2025-10-15 16:14:40 - archaeology_questions - INFO - 開始生成題目CSV: /workspace/test_output/真實考古題測試_警察特考行政警察_警察法規/一般題目.csv
2025-10-15 16:14:40 - archaeology_questions - INFO - ✅ 題目CSV生成完成: /workspace/test_output/真實考古題測試_警察特考行政警察_警察法規/一般題目.csv
2025-10-15 16:14:40 - archaeology_questions - INFO - 開始生成題目CSV: /workspace/test_output/真實考古題測試_警察特考行政警察_警察法規/完整題目.csv
2025-10-15 16:14:40 - archaeology_questions - INFO - ✅ 題目CSV生成完成: /workspace/test_output/真實考古題測試_警察特考行政警察_警察法規/完整題目.csv
2025-10-15 16:14:40 - archaeology_questions - INFO - ✅ 題組分類CSV生成完成，共 2 個檔案
2025-10-15 16:14:40 - archaeology_questions - INFO - 答案統計: {'A': 0, 'B': 0, 'C': 0, 'D': 0, '無效': 0}
2025-10-15 16:14:40 - archaeology_questions - INFO - ✅ PDF處理完成: 18 題，4 個CSV檔案
2025-10-15 16:14:40 - archaeology_questions - INFO - 開始生成Google Apps Script: /workspace/test_output/真實考古題測試_警察特考行政警察_警察法規/試題_Google表單.csv
2025-10-15 16:14:40 - archaeology_questions - INFO - ✅ Google Apps Script生成完成: /workspace/test_output/真實考古題測試_警察特考行政警察_警察法規/試題_GoogleAppsScript.js
2025-10-15 16:14:40 - archaeology_questions - INFO - ✅ Google Apps Script已生成: /workspace/test_output/真實考古題測試_警察特考行政警察_警察法規/試題_GoogleAppsScript.js
2025-10-15 16:14:40 - archaeology_questions - INFO - ✅ ✅ 警察特考行政警察_警察法規 處理成功
2025-10-15 16:14:40 - archaeology_questions - INFO - 
============================================================
2025-10-15 16:14:40 - archaeology_questions - INFO - 測試 3/4: 司法特考監獄官_國文
2025-10-15 16:14:40 - archaeology_questions - INFO - 描述: 司法特考國文，測試不同考試類型
2025-10-15 16:14:40 - archaeology_questions - INFO - ============================================================
2025-10-15 16:14:40 - archaeology_questions - INFO - 開始處理單一PDF: /workspace/考選部考古題完整庫/民國114年/民國114年_司法特考/監獄官/國文（作文與測驗）/試題.pdf
2025-10-15 16:14:40 - archaeology_questions - INFO - 開始處理PDF檔案: /workspace/考選部考古題完整庫/民國114年/民國114年_司法特考/監獄官/國文（作文與測驗）/試題.pdf
2025-10-15 16:14:40 - archaeology_questions - INFO - 開始處理PDF檔案: /workspace/考選部考古題完整庫/民國114年/民國114年_司法特考/監獄官/國文（作文與測驗）/試題.pdf
2025-10-15 16:14:41 - archaeology_questions - INFO - ✅ PDF文字提取完成，共 4 頁，4521 字元
2025-10-15 16:14:41 - archaeology_questions - INFO - 開始解析題目
2025-10-15 16:14:41 - archaeology_questions - INFO - 未檢測到題組，解析一般題目
2025-10-15 16:14:41 - archaeology_questions - INFO - ✅ 題目解析完成，共 4 題
2025-10-15 16:14:41 - archaeology_questions - INFO - 開始處理PDF檔案: /workspace/考選部考古題完整庫/民國114年/民國114年_司法特考/監獄官/國文（作文與測驗）/答案.pdf
2025-10-15 16:14:41 - archaeology_questions - INFO - ✅ PDF文字提取完成，共 1 頁，1061 字元
2025-10-15 16:14:41 - archaeology_questions - INFO - 開始提取答案
2025-10-15 16:14:41 - archaeology_questions - INFO - ✅ 答案提取完成，共找到 0 個答案
2025-10-15 16:14:41 - archaeology_questions - INFO - 開始生成題目CSV: /workspace/test_output/真實考古題測試_司法特考監獄官_國文/試題.csv
2025-10-15 16:14:41 - archaeology_questions - INFO - ✅ 題目CSV生成完成: /workspace/test_output/真實考古題測試_司法特考監獄官_國文/試題.csv
2025-10-15 16:14:41 - archaeology_questions - INFO - 開始生成Google表單CSV: /workspace/test_output/真實考古題測試_司法特考監獄官_國文/試題_Google表單.csv
2025-10-15 16:14:41 - archaeology_questions - INFO - ✅ Google表單CSV生成完成: /workspace/test_output/真實考古題測試_司法特考監獄官_國文/試題_Google表單.csv
2025-10-15 16:14:41 - archaeology_questions - INFO - 開始生成題組分類CSV: /workspace/test_output/真實考古題測試_司法特考監獄官_國文
2025-10-15 16:14:41 - archaeology_questions - INFO - 開始生成題目CSV: /workspace/test_output/真實考古題測試_司法特考監獄官_國文/一般題目.csv
2025-10-15 16:14:41 - archaeology_questions - INFO - ✅ 題目CSV生成完成: /workspace/test_output/真實考古題測試_司法特考監獄官_國文/一般題目.csv
2025-10-15 16:14:41 - archaeology_questions - INFO - 開始生成題目CSV: /workspace/test_output/真實考古題測試_司法特考監獄官_國文/完整題目.csv
2025-10-15 16:14:41 - archaeology_questions - INFO - ✅ 題目CSV生成完成: /workspace/test_output/真實考古題測試_司法特考監獄官_國文/完整題目.csv
2025-10-15 16:14:41 - archaeology_questions - INFO - ✅ 題組分類CSV生成完成，共 2 個檔案
2025-10-15 16:14:41 - archaeology_questions - INFO - 答案統計: {'A': 0, 'B': 0, 'C': 0, 'D': 0, '無效': 0}
2025-10-15 16:14:41 - archaeology_questions - INFO - ✅ PDF處理完成: 4 題，4 個CSV檔案
2025-10-15 16:14:41 - archaeology_questions - INFO - 開始生成Google Apps Script: /workspace/test_output/真實考古題測試_司法特考監獄官_國文/試題_Google表單.csv
2025-10-15 16:14:41 - archaeology_questions - INFO - ✅ Google Apps Script生成完成: /workspace/test_output/真實考古題測試_司法特考監獄官_國文/試題_GoogleAppsScript.js
2025-10-15 16:14:41 - archaeology_questions - INFO - ✅ Google Apps Script已生成: /workspace/test_output/真實考古題測試_司法特考監獄官_國文/試題_GoogleAppsScript.js
2025-10-15 16:14:41 - archaeology_questions - INFO - ✅ ✅ 司法特考監獄官_國文 處理成功
2025-10-15 16:14:41 - archaeology_questions - INFO - 
============================================================
2025-10-15 16:14:41 - archaeology_questions - INFO - 測試 4/4: 警察特考行政警察_警察情境實務
2025-10-15 16:14:41 - archaeology_questions - INFO - 描述: 情境實務題目，測試應用題型
2025-10-15 16:14:41 - archaeology_questions - INFO - ============================================================
2025-10-15 16:14:41 - archaeology_questions - INFO - 開始處理單一PDF: /workspace/考選部考古題完整庫/民國114年/民國114年_警察特考/行政警察/警察情境實務(包括警察法規、實務操作標準作業程序、人權保障與正當法律程序)/試題.pdf
2025-10-15 16:14:41 - archaeology_questions - INFO - 開始處理PDF檔案: /workspace/考選部考古題完整庫/民國114年/民國114年_警察特考/行政警察/警察情境實務(包括警察法規、實務操作標準作業程序、人權保障與正當法律程序)/試題.pdf
2025-10-15 16:14:41 - archaeology_questions - INFO - 開始處理PDF檔案: /workspace/考選部考古題完整庫/民國114年/民國114年_警察特考/行政警察/警察情境實務(包括警察法規、實務操作標準作業程序、人權保障與正當法律程序)/試題.pdf
2025-10-15 16:14:42 - archaeology_questions - INFO - ✅ PDF文字提取完成，共 4 頁，5424 字元
2025-10-15 16:14:42 - archaeology_questions - INFO - 開始解析題目
2025-10-15 16:14:42 - archaeology_questions - INFO - 未檢測到題組，解析一般題目
2025-10-15 16:14:42 - archaeology_questions - INFO - ✅ 題目解析完成，共 15 題
2025-10-15 16:14:42 - archaeology_questions - INFO - 開始處理PDF檔案: /workspace/考選部考古題完整庫/民國114年/民國114年_警察特考/行政警察/警察情境實務(包括警察法規、實務操作標準作業程序、人權保障與正當法律程序)/答案.pdf
2025-10-15 16:14:42 - archaeology_questions - INFO - ✅ PDF文字提取完成，共 1 頁，879 字元
2025-10-15 16:14:42 - archaeology_questions - INFO - 開始提取答案
2025-10-15 16:14:42 - archaeology_questions - INFO - ✅ 答案提取完成，共找到 0 個答案
2025-10-15 16:14:42 - archaeology_questions - INFO - 開始處理PDF檔案: /workspace/考選部考古題完整庫/民國114年/民國114年_警察特考/行政警察/警察情境實務(包括警察法規、實務操作標準作業程序、人權保障與正當法律程序)/更正答案.pdf
2025-10-15 16:14:42 - archaeology_questions - INFO - ✅ PDF文字提取完成，共 1 頁，915 字元
2025-10-15 16:14:42 - archaeology_questions - INFO - 開始提取更正答案
2025-10-15 16:14:42 - archaeology_questions - INFO - ✅ 更正答案提取完成，共找到 0 個更正答案
2025-10-15 16:14:42 - archaeology_questions - INFO - 開始生成題目CSV: /workspace/test_output/真實考古題測試_警察特考行政警察_警察情境實務/試題.csv
2025-10-15 16:14:42 - archaeology_questions - INFO - ✅ 題目CSV生成完成: /workspace/test_output/真實考古題測試_警察特考行政警察_警察情境實務/試題.csv
2025-10-15 16:14:42 - archaeology_questions - INFO - 開始生成Google表單CSV: /workspace/test_output/真實考古題測試_警察特考行政警察_警察情境實務/試題_Google表單.csv
2025-10-15 16:14:42 - archaeology_questions - INFO - ✅ Google表單CSV生成完成: /workspace/test_output/真實考古題測試_警察特考行政警察_警察情境實務/試題_Google表單.csv
2025-10-15 16:14:42 - archaeology_questions - INFO - 開始生成題組分類CSV: /workspace/test_output/真實考古題測試_警察特考行政警察_警察情境實務
2025-10-15 16:14:42 - archaeology_questions - INFO - 開始生成題目CSV: /workspace/test_output/真實考古題測試_警察特考行政警察_警察情境實務/一般題目.csv
2025-10-15 16:14:42 - archaeology_questions - INFO - ✅ 題目CSV生成完成: /workspace/test_output/真實考古題測試_警察特考行政警察_警察情境實務/一般題目.csv
2025-10-15 16:14:42 - archaeology_questions - INFO - 開始生成題目CSV: /workspace/test_output/真實考古題測試_警察特考行政警察_警察情境實務/完整題目.csv
2025-10-15 16:14:42 - archaeology_questions - INFO - ✅ 題目CSV生成完成: /workspace/test_output/真實考古題測試_警察特考行政警察_警察情境實務/完整題目.csv
2025-10-15 16:14:42 - archaeology_questions - INFO - ✅ 題組分類CSV生成完成，共 2 個檔案
2025-10-15 16:14:42 - archaeology_questions - INFO - 答案統計: {'A': 0, 'B': 0, 'C': 0, 'D': 0, '無效': 0}
2025-10-15 16:14:42 - archaeology_questions - INFO - ✅ PDF處理完成: 15 題，4 個CSV檔案
2025-10-15 16:14:42 - archaeology_questions - INFO - 開始生成Google Apps Script: /workspace/test_output/真實考古題測試_警察特考行政警察_警察情境實務/試題_Google表單.csv
2025-10-15 16:14:42 - archaeology_questions - INFO - ✅ Google Apps Script生成完成: /workspace/test_output/真實考古題測試_警察特考行政警察_警察情境實務/試題_GoogleAppsScript.js
2025-10-15 16:14:42 - archaeology_questions - INFO - ✅ Google Apps Script已生成: /workspace/test_output/真實考古題測試_警察特考行政警察_警察情境實務/試題_GoogleAppsScript.js
2025-10-15 16:14:42 - archaeology_questions - INFO - ✅ ✅ 警察特考行政警察_警察情境實務 處理成功
2025-10-15 16:14:42 - archaeology_questions - INFO - ✅ 測試報告已生成: /workspace/test_output/真實考古題測試報告_20251015_161442.md
