2025-10-21 09:41:18 - archaeology_questions - INFO - 配置已載入: config.json
2025-10-21 09:41:18 - archaeology_questions - INFO - 開始解析題目
2025-10-21 09:41:18 - archaeology_questions - INFO - 檢測到 1 個題組
2025-10-21 09:41:18 - archaeology_questions - INFO - 解析題組: 第1題至第3題
2025-10-21 09:41:18 - archaeology_questions - INFO - ✅ 題目解析完成，共 3 題
2025-10-21 09:41:18 - archaeology_questions - INFO - 開始解析題目
2025-10-21 09:41:18 - archaeology_questions - INFO - 未檢測到題組，解析一般題目
2025-10-21 09:41:18 - archaeology_questions - INFO - ✅ 題目解析完成，共 1 題
2025-10-21 09:41:18 - archaeology_questions - INFO - 開始提取答案
2025-10-21 09:41:18 - archaeology_questions - INFO - ✅ 答案提取完成，共找到 0 個答案
2025-10-21 09:41:18 - archaeology_questions - INFO - 開始提取更正答案
2025-10-21 09:41:18 - archaeology_questions - INFO - ✅ 更正答案提取完成，共找到 2 個更正答案
2025-10-21 09:41:18 - archaeology_questions - INFO - 開始合併答案
2025-10-21 09:41:18 - archaeology_questions - INFO - ✅ 答案合併完成，共 3 個最終答案
2025-10-21 09:41:18 - archaeology_questions - INFO - 開始生成Google表單CSV: /tmp/tmpue6_3tzf/test_google.csv
2025-10-21 09:41:18 - archaeology_questions - INFO - ✅ Google表單CSV生成完成: /tmp/tmpue6_3tzf/test_google.csv
2025-10-21 09:41:18 - archaeology_questions - INFO - 開始生成題目CSV: /tmp/tmp5nh5b37w/test.csv
2025-10-21 09:41:18 - archaeology_questions - INFO - ✅ 題目CSV生成完成: /tmp/tmp5nh5b37w/test.csv
2025-10-21 09:41:18 - archaeology_questions - INFO - 開始處理目錄: nonexistent_dir
2025-10-21 09:41:18 - archaeology_questions - INFO - 開始處理目錄: nonexistent_dir
2025-10-21 09:41:18 - archaeology_questions - ERROR - ❌ 目錄處理失敗: 輸入目錄不存在: nonexistent_dir
2025-10-21 09:41:18 - archaeology_questions - INFO - 開始處理目錄: /test
2025-10-21 09:41:18 - archaeology_questions - INFO - 開始處理目錄: /test
2025-10-21 09:41:18 - archaeology_questions - ERROR - ❌ 目錄處理失敗: 輸入目錄不存在: /test
2025-10-21 09:41:18 - archaeology_questions - INFO - 開始處理單一PDF: test.pdf
2025-10-21 09:41:18 - archaeology_questions - INFO - 開始處理PDF檔案: test.pdf
2025-10-21 09:41:18 - archaeology_questions - ERROR - ❌ PDF處理失敗: PDF處理失敗
2025-10-21 09:41:18 - archaeology_questions - INFO - 開始處理單一PDF: test.pdf
2025-10-21 09:41:18 - archaeology_questions - INFO - 開始處理PDF檔案: test.pdf
2025-10-21 09:41:18 - archaeology_questions - INFO - 開始生成題組分類CSV: /tmp/tmpdarh870e
2025-10-21 09:41:18 - archaeology_questions - INFO - ✅ 題組分類CSV生成完成，共 2 個檔案
2025-10-21 09:41:18 - archaeology_questions - INFO - 答案統計: {'A': 0, 'B': 0, 'C': 0, 'D': 0, '無效': 0}
2025-10-21 09:41:18 - archaeology_questions - INFO - ✅ PDF處理完成: 1 題，4 個CSV檔案
2025-10-21 09:41:18 - archaeology_questions - INFO - 開始處理單一PDF: /tmp/tmp02fsnqs3/test.pdf
2025-10-21 09:41:18 - archaeology_questions - INFO - 開始處理PDF檔案: /tmp/tmp02fsnqs3/test.pdf
2025-10-21 09:41:18 - archaeology_questions - INFO - 開始處理PDF檔案: /tmp/tmp02fsnqs3/test.pdf
2025-10-21 09:41:18 - archaeology_questions - INFO - ✅ PDF文字提取完成，共 1 頁，48 字元
2025-10-21 09:41:18 - archaeology_questions - INFO - 開始解析題目
2025-10-21 09:41:18 - archaeology_questions - INFO - 未檢測到題組，解析一般題目
2025-10-21 09:41:18 - archaeology_questions - INFO - ✅ 題目解析完成，共 0 題
2025-10-21 09:41:18 - archaeology_questions - WARNING - 未找到任何題目
2025-10-21 09:42:27 - archaeology_questions - INFO - 配置已載入: config.json
2025-10-21 09:42:28 - archaeology_questions - INFO - 開始處理PDF檔案: test.pdf
2025-10-21 09:42:28 - archaeology_questions - INFO - ✅ PDF文字提取完成，共 2 頁，16 字元
2025-10-21 09:42:28 - archaeology_questions - INFO - 開始解析題目
2025-10-21 09:42:28 - archaeology_questions - INFO - 檢測到 1 個題組
2025-10-21 09:42:28 - archaeology_questions - INFO - 解析題組: 第1題至第3題
2025-10-21 09:42:28 - archaeology_questions - INFO - ✅ 題目解析完成，共 3 題
2025-10-21 09:42:28 - archaeology_questions - INFO - 開始解析題目
2025-10-21 09:42:28 - archaeology_questions - INFO - 未檢測到題組，解析一般題目
2025-10-21 09:42:28 - archaeology_questions - INFO - ✅ 題目解析完成，共 1 題
2025-10-21 09:42:28 - archaeology_questions - INFO - 開始提取答案
2025-10-21 09:42:28 - archaeology_questions - INFO - ✅ 答案提取完成，共找到 4 個答案
2025-10-21 09:42:28 - archaeology_questions - INFO - 開始提取更正答案
2025-10-21 09:42:28 - archaeology_questions - INFO - ✅ 更正答案提取完成，共找到 2 個更正答案
2025-10-21 09:42:28 - archaeology_questions - INFO - 開始合併答案
2025-10-21 09:42:28 - archaeology_questions - INFO - ✅ 答案合併完成，共 3 個最終答案
2025-10-21 09:42:28 - archaeology_questions - INFO - 開始生成Google表單CSV: /tmp/tmpi1nvb0um/test_google.csv
2025-10-21 09:42:28 - archaeology_questions - INFO - ✅ Google表單CSV生成完成: /tmp/tmpi1nvb0um/test_google.csv
2025-10-21 09:42:28 - archaeology_questions - INFO - 開始生成題目CSV: /tmp/tmp2sqvh8x1/test.csv
2025-10-21 09:42:28 - archaeology_questions - INFO - ✅ 題目CSV生成完成: /tmp/tmp2sqvh8x1/test.csv
2025-10-21 09:42:28 - archaeology_questions - INFO - 開始處理目錄: nonexistent_dir
2025-10-21 09:42:28 - archaeology_questions - INFO - 開始處理目錄: nonexistent_dir
2025-10-21 09:42:28 - archaeology_questions - ERROR - ❌ 目錄處理失敗: 輸入目錄不存在: nonexistent_dir
2025-10-21 09:42:28 - archaeology_questions - INFO - 開始處理目錄: /test
2025-10-21 09:42:28 - archaeology_questions - INFO - 開始處理目錄: /test
2025-10-21 09:42:28 - archaeology_questions - INFO - 處理檔案: file1.pdf
2025-10-21 09:42:28 - archaeology_questions - INFO - 開始處理PDF檔案: /test/file1.pdf
2025-10-21 09:42:28 - archaeology_questions - INFO - 開始處理PDF檔案: /test/file1.pdf
2025-10-21 09:42:28 - archaeology_questions - ERROR - ❌ PDF處理失敗: [Errno 2] No such file or directory: '/test/file1.pdf'
2025-10-21 09:42:28 - archaeology_questions - ERROR - ❌ PDF處理失敗: PDF處理失敗: [Errno 2] No such file or directory: '/test/file1.pdf'
2025-10-21 09:42:28 - archaeology_questions - INFO - 處理檔案: file2.pdf
2025-10-21 09:42:28 - archaeology_questions - INFO - 開始處理PDF檔案: /test/file2.pdf
2025-10-21 09:42:28 - archaeology_questions - INFO - 開始處理PDF檔案: /test/file2.pdf
2025-10-21 09:42:28 - archaeology_questions - ERROR - ❌ PDF處理失敗: [Errno 2] No such file or directory: '/test/file2.pdf'
2025-10-21 09:42:28 - archaeology_questions - ERROR - ❌ PDF處理失敗: PDF處理失敗: [Errno 2] No such file or directory: '/test/file2.pdf'
2025-10-21 09:42:28 - archaeology_questions - INFO - ✅ 目錄處理完成: 0/2 個檔案成功，共 0 題
2025-10-21 09:42:28 - archaeology_questions - INFO - 開始處理單一PDF: test.pdf
2025-10-21 09:42:28 - archaeology_questions - INFO - 開始處理PDF檔案: test.pdf
2025-10-21 09:42:28 - archaeology_questions - ERROR - ❌ PDF處理失敗: PDF處理失敗
2025-10-21 09:42:28 - archaeology_questions - INFO - 開始處理單一PDF: test.pdf
2025-10-21 09:42:28 - archaeology_questions - INFO - 開始處理PDF檔案: test.pdf
2025-10-21 09:42:28 - archaeology_questions - INFO - 開始生成題組分類CSV: /tmp/tmpz9odsryx
2025-10-21 09:42:28 - archaeology_questions - INFO - ✅ 題組分類CSV生成完成，共 2 個檔案
2025-10-21 09:42:28 - archaeology_questions - INFO - 答案統計: {'A': 0, 'B': 0, 'C': 0, 'D': 0, '無效': 0}
2025-10-21 09:42:28 - archaeology_questions - INFO - ✅ PDF處理完成: 1 題，4 個CSV檔案
2025-10-21 09:42:28 - archaeology_questions - INFO - 開始處理單一PDF: /tmp/tmpu5idt8um/test.pdf
2025-10-21 09:42:28 - archaeology_questions - INFO - 開始處理PDF檔案: /tmp/tmpu5idt8um/test.pdf
2025-10-21 09:42:28 - archaeology_questions - INFO - 開始處理PDF檔案: /tmp/tmpu5idt8um/test.pdf
2025-10-21 09:42:28 - archaeology_questions - INFO - ✅ PDF文字提取完成，共 1 頁，50 字元
2025-10-21 09:42:28 - archaeology_questions - INFO - 開始解析題目
2025-10-21 09:42:28 - archaeology_questions - INFO - 未檢測到題組，解析一般題目
2025-10-21 09:42:28 - archaeology_questions - INFO - ✅ 題目解析完成，共 0 題
2025-10-21 09:42:28 - archaeology_questions - WARNING - 未找到任何題目
2025-10-21 09:43:24 - archaeology_questions - INFO - 配置已載入: config.json
2025-10-21 09:43:24 - archaeology_questions - INFO - 開始處理PDF檔案: test.pdf
2025-10-21 09:43:24 - archaeology_questions - INFO - ✅ PDF文字提取完成，共 2 頁，16 字元
2025-10-21 09:43:24 - archaeology_questions - INFO - 開始解析題目
2025-10-21 09:43:24 - archaeology_questions - INFO - 檢測到 1 個題組
2025-10-21 09:43:24 - archaeology_questions - INFO - 解析題組: 第1題至第3題
2025-10-21 09:43:24 - archaeology_questions - INFO - ✅ 題目解析完成，共 3 題
2025-10-21 09:43:24 - archaeology_questions - INFO - 開始解析題目
2025-10-21 09:43:24 - archaeology_questions - INFO - 未檢測到題組，解析一般題目
2025-10-21 09:43:24 - archaeology_questions - INFO - ✅ 題目解析完成，共 1 題
2025-10-21 09:43:24 - archaeology_questions - INFO - 開始提取答案
2025-10-21 09:43:24 - archaeology_questions - INFO - ✅ 答案提取完成，共找到 4 個答案
2025-10-21 09:43:24 - archaeology_questions - INFO - 開始提取更正答案
2025-10-21 09:43:24 - archaeology_questions - INFO - ✅ 更正答案提取完成，共找到 2 個更正答案
2025-10-21 09:43:24 - archaeology_questions - INFO - 開始合併答案
2025-10-21 09:43:24 - archaeology_questions - INFO - ✅ 答案合併完成，共 3 個最終答案
2025-10-21 09:43:24 - archaeology_questions - INFO - 開始生成Google表單CSV: /tmp/tmpia3ym8mk/test_google.csv
2025-10-21 09:43:24 - archaeology_questions - INFO - ✅ Google表單CSV生成完成: /tmp/tmpia3ym8mk/test_google.csv
2025-10-21 09:43:24 - archaeology_questions - INFO - 開始生成題目CSV: /tmp/tmp0pmddnhy/test.csv
2025-10-21 09:43:24 - archaeology_questions - INFO - ✅ 題目CSV生成完成: /tmp/tmp0pmddnhy/test.csv
2025-10-21 09:43:24 - archaeology_questions - INFO - 開始處理目錄: nonexistent_dir
2025-10-21 09:43:24 - archaeology_questions - INFO - 開始處理目錄: nonexistent_dir
2025-10-21 09:43:24 - archaeology_questions - ERROR - ❌ 目錄處理失敗: 輸入目錄不存在: nonexistent_dir
2025-10-21 09:43:24 - archaeology_questions - INFO - 開始處理目錄: /test
2025-10-21 09:43:24 - archaeology_questions - INFO - 開始處理單一PDF: test.pdf
2025-10-21 09:43:24 - archaeology_questions - INFO - 開始處理PDF檔案: test.pdf
2025-10-21 09:43:24 - archaeology_questions - ERROR - ❌ PDF處理失敗: PDF處理失敗
2025-10-21 09:43:24 - archaeology_questions - INFO - 開始處理單一PDF: test.pdf
2025-10-21 09:43:24 - archaeology_questions - INFO - 開始處理PDF檔案: test.pdf
2025-10-21 09:43:24 - archaeology_questions - INFO - 開始生成題組分類CSV: /tmp/tmpf967dvbd
2025-10-21 09:43:24 - archaeology_questions - INFO - ✅ 題組分類CSV生成完成，共 2 個檔案
2025-10-21 09:43:24 - archaeology_questions - INFO - 答案統計: {'A': 0, 'B': 0, 'C': 0, 'D': 0, '無效': 0}
2025-10-21 09:43:24 - archaeology_questions - INFO - ✅ PDF處理完成: 1 題，4 個CSV檔案
2025-10-21 09:43:24 - archaeology_questions - INFO - 開始處理單一PDF: /tmp/tmp846lcb85/test.pdf
2025-10-21 09:43:24 - archaeology_questions - INFO - 開始處理PDF檔案: /tmp/tmp846lcb85/test.pdf
2025-10-21 09:43:24 - archaeology_questions - INFO - 開始處理PDF檔案: /tmp/tmp846lcb85/test.pdf
2025-10-21 09:43:24 - archaeology_questions - INFO - ✅ PDF文字提取完成，共 1 頁，50 字元
2025-10-21 09:43:24 - archaeology_questions - INFO - 開始解析題目
2025-10-21 09:43:24 - archaeology_questions - INFO - 未檢測到題組，解析一般題目
2025-10-21 09:43:24 - archaeology_questions - INFO - ✅ 題目解析完成，共 0 題
2025-10-21 09:43:24 - archaeology_questions - WARNING - 未找到任何題目
2025-10-21 09:43:37 - archaeology_questions - INFO - 配置已載入: config.json
2025-10-21 09:43:37 - archaeology_questions - INFO - 開始解析題目
2025-10-21 09:43:37 - archaeology_questions - INFO - 未檢測到題組，解析一般題目
2025-10-21 09:43:37 - archaeology_questions - INFO - ✅ 題目解析完成，共 0 題
2025-10-21 09:43:57 - archaeology_questions - INFO - 配置已載入: config.json
2025-10-21 09:44:11 - archaeology_questions - INFO - 配置已載入: config.json
2025-10-21 09:44:11 - archaeology_questions - INFO - 開始處理單一PDF: /tmp/tmp0578pwms/test.pdf
2025-10-21 09:44:11 - archaeology_questions - INFO - 開始處理PDF檔案: /tmp/tmp0578pwms/test.pdf
2025-10-21 09:44:11 - archaeology_questions - INFO - 開始處理PDF檔案: /tmp/tmp0578pwms/test.pdf
2025-10-21 09:44:11 - archaeology_questions - INFO - ✅ PDF文字提取完成，共 1 頁，50 字元
2025-10-21 09:44:11 - archaeology_questions - INFO - 開始解析題目
2025-10-21 09:44:11 - archaeology_questions - INFO - 未檢測到題組，解析一般題目
2025-10-21 09:44:11 - archaeology_questions - INFO - ✅ 題目解析完成，共 0 題
2025-10-21 09:44:11 - archaeology_questions - WARNING - 未找到任何題目
2025-10-21 09:44:17 - archaeology_questions - INFO - 配置已載入: config.json
2025-10-21 09:44:17 - archaeology_questions - INFO - 開始解析題目
2025-10-21 09:44:17 - archaeology_questions - INFO - 未檢測到題組，解析一般題目
2025-10-21 09:44:17 - archaeology_questions - INFO - ✅ 題目解析完成，共 2 題
2025-10-21 09:44:27 - archaeology_questions - INFO - 配置已載入: config.json
2025-10-21 09:44:27 - archaeology_questions - INFO - 開始處理單一PDF: /tmp/tmprp356htu/test.pdf
2025-10-21 09:44:27 - archaeology_questions - INFO - 開始處理PDF檔案: /tmp/tmprp356htu/test.pdf
2025-10-21 09:44:27 - archaeology_questions - INFO - 開始處理PDF檔案: /tmp/tmprp356htu/test.pdf
2025-10-21 09:44:27 - archaeology_questions - INFO - ✅ PDF文字提取完成，共 1 頁，18 字元
2025-10-21 09:44:27 - archaeology_questions - INFO - 開始解析題目
2025-10-21 09:44:27 - archaeology_questions - INFO - 未檢測到題組，解析一般題目
2025-10-21 09:44:27 - archaeology_questions - INFO - ✅ 題目解析完成，共 0 題
2025-10-21 09:44:27 - archaeology_questions - WARNING - 未找到任何題目
2025-10-21 09:44:51 - archaeology_questions - INFO - 配置已載入: config.json
2025-10-21 09:44:52 - archaeology_questions - INFO - 開始處理單一PDF: /tmp/tmpxv6uuoi6/test.pdf
2025-10-21 09:44:52 - archaeology_questions - INFO - 開始處理PDF檔案: /tmp/tmpxv6uuoi6/test.pdf
2025-10-21 09:44:52 - archaeology_questions - INFO - 開始處理PDF檔案: /tmp/tmpxv6uuoi6/test.pdf
2025-10-21 09:44:52 - archaeology_questions - INFO - ✅ PDF文字提取完成，共 1 頁，50 字元
2025-10-21 09:44:52 - archaeology_questions - INFO - 開始解析題目
2025-10-21 09:44:52 - archaeology_questions - INFO - 未檢測到題組，解析一般題目
2025-10-21 09:44:52 - archaeology_questions - INFO - ✅ 題目解析完成，共 0 題
2025-10-21 09:44:52 - archaeology_questions - WARNING - 未找到任何題目
2025-10-21 09:45:11 - archaeology_questions - INFO - 配置已載入: config.json
2025-10-21 09:45:12 - archaeology_questions - INFO - 開始處理PDF檔案: test.pdf
2025-10-21 09:45:12 - archaeology_questions - INFO - ✅ PDF文字提取完成，共 2 頁，16 字元
2025-10-21 09:45:12 - archaeology_questions - INFO - 開始解析題目
2025-10-21 09:45:12 - archaeology_questions - INFO - 檢測到 1 個題組
2025-10-21 09:45:12 - archaeology_questions - INFO - 解析題組: 第1題至第3題
2025-10-21 09:45:12 - archaeology_questions - INFO - ✅ 題目解析完成，共 3 題
2025-10-21 09:45:12 - archaeology_questions - INFO - 開始解析題目
2025-10-21 09:45:12 - archaeology_questions - INFO - 未檢測到題組，解析一般題目
2025-10-21 09:45:12 - archaeology_questions - INFO - ✅ 題目解析完成，共 2 題
2025-10-21 09:45:12 - archaeology_questions - INFO - 開始提取答案
2025-10-21 09:45:12 - archaeology_questions - INFO - ✅ 答案提取完成，共找到 4 個答案
2025-10-21 09:45:12 - archaeology_questions - INFO - 開始提取更正答案
2025-10-21 09:45:12 - archaeology_questions - INFO - ✅ 更正答案提取完成，共找到 2 個更正答案
2025-10-21 09:45:12 - archaeology_questions - INFO - 開始合併答案
2025-10-21 09:45:12 - archaeology_questions - INFO - ✅ 答案合併完成，共 3 個最終答案
2025-10-21 09:45:12 - archaeology_questions - INFO - 開始生成Google表單CSV: /tmp/tmpkum4t3g7/test_google.csv
2025-10-21 09:45:12 - archaeology_questions - INFO - ✅ Google表單CSV生成完成: /tmp/tmpkum4t3g7/test_google.csv
2025-10-21 09:45:12 - archaeology_questions - INFO - 開始生成題目CSV: /tmp/tmp6iq1j9ml/test.csv
2025-10-21 09:45:12 - archaeology_questions - INFO - ✅ 題目CSV生成完成: /tmp/tmp6iq1j9ml/test.csv
2025-10-21 09:45:12 - archaeology_questions - INFO - 開始處理目錄: nonexistent_dir
2025-10-21 09:45:12 - archaeology_questions - INFO - 開始處理目錄: nonexistent_dir
2025-10-21 09:45:12 - archaeology_questions - ERROR - ❌ 目錄處理失敗: 輸入目錄不存在: nonexistent_dir
2025-10-21 09:45:12 - archaeology_questions - INFO - 開始處理目錄: /test
2025-10-21 09:45:12 - archaeology_questions - INFO - 開始處理單一PDF: test.pdf
2025-10-21 09:45:12 - archaeology_questions - INFO - 開始處理PDF檔案: test.pdf
2025-10-21 09:45:12 - archaeology_questions - ERROR - ❌ PDF處理失敗: PDF處理失敗
2025-10-21 09:45:12 - archaeology_questions - INFO - 開始處理單一PDF: test.pdf
2025-10-21 09:45:12 - archaeology_questions - INFO - 開始處理PDF檔案: test.pdf
2025-10-21 09:45:12 - archaeology_questions - INFO - 開始生成題組分類CSV: /tmp/tmpk3iqzjnb
2025-10-21 09:45:12 - archaeology_questions - INFO - ✅ 題組分類CSV生成完成，共 2 個檔案
2025-10-21 09:45:12 - archaeology_questions - INFO - 答案統計: {'A': 0, 'B': 0, 'C': 0, 'D': 0, '無效': 0}
2025-10-21 09:45:12 - archaeology_questions - INFO - ✅ PDF處理完成: 1 題，4 個CSV檔案
2025-10-21 09:45:12 - archaeology_questions - INFO - 開始處理單一PDF: /tmp/tmp61cl0c5b/test.pdf
2025-10-21 09:45:12 - archaeology_questions - INFO - 開始處理PDF檔案: /tmp/tmp61cl0c5b/test.pdf
2025-10-21 09:45:12 - archaeology_questions - INFO - 開始處理PDF檔案: /tmp/tmp61cl0c5b/test.pdf
2025-10-21 09:45:12 - archaeology_questions - INFO - ✅ PDF文字提取完成，共 1 頁，16 字元
2025-10-21 09:45:12 - archaeology_questions - INFO - 開始解析題目
2025-10-21 09:45:12 - archaeology_questions - INFO - 未檢測到題組，解析一般題目
2025-10-21 09:45:12 - archaeology_questions - INFO - ✅ 題目解析完成，共 0 題
2025-10-21 09:45:12 - archaeology_questions - WARNING - 未找到任何題目
2025-10-21 09:46:21 - archaeology_questions - INFO - 配置已載入: config.json
2025-10-21 09:46:21 - archaeology_questions - INFO - 開始解析題目
2025-10-21 09:46:21 - archaeology_questions - INFO - 未檢測到題組，解析一般題目
2025-10-21 09:46:21 - archaeology_questions - INFO - ✅ 題目解析完成，共 100 題
2025-10-21 09:46:21 - archaeology_questions - INFO - 開始提取答案
2025-10-21 09:46:21 - archaeology_questions - INFO - ✅ 答案提取完成，共找到 100 個答案
2025-10-21 09:46:21 - archaeology_questions - INFO - 開始生成題目CSV: /tmp/tmplhgfyjtn/performance_test.csv
2025-10-21 09:46:21 - archaeology_questions - INFO - ✅ 題目CSV生成完成: /tmp/tmplhgfyjtn/performance_test.csv
2025-10-21 09:46:21 - archaeology_questions - INFO - 開始處理單一PDF: /tmp/tmp3xzfguml/performance_test.pdf
2025-10-21 09:46:21 - archaeology_questions - INFO - 開始處理PDF檔案: /tmp/tmp3xzfguml/performance_test.pdf
2025-10-21 09:46:21 - archaeology_questions - INFO - 開始處理PDF檔案: /tmp/tmp3xzfguml/performance_test.pdf
2025-10-21 09:46:21 - archaeology_questions - INFO - ✅ PDF文字提取完成，共 1 頁，346 字元
2025-10-21 09:46:21 - archaeology_questions - INFO - 開始解析題目
2025-10-21 09:46:21 - archaeology_questions - INFO - 未檢測到題組，解析一般題目
2025-10-21 09:46:21 - archaeology_questions - INFO - ✅ 題目解析完成，共 0 題
2025-10-21 09:46:21 - archaeology_questions - WARNING - 未找到任何題目
2025-10-21 09:46:21 - archaeology_questions - INFO - 開始解析題目
2025-10-21 09:46:21 - archaeology_questions - INFO - 未檢測到題組，解析一般題目
2025-10-21 09:46:21 - archaeology_questions - INFO - ✅ 題目解析完成，共 1 題
2025-10-21 09:46:21 - archaeology_questions - INFO - 開始解析題目
2025-10-21 09:46:21 - archaeology_questions - INFO - 未檢測到題組，解析一般題目
2025-10-21 09:46:21 - archaeology_questions - INFO - ✅ 題目解析完成，共 1 題
2025-10-21 09:46:21 - archaeology_questions - INFO - 開始解析題目
2025-10-21 09:46:21 - archaeology_questions - INFO - 未檢測到題組，解析一般題目
2025-10-21 09:46:21 - archaeology_questions - INFO - ✅ 題目解析完成，共 1 題
2025-10-21 09:46:21 - archaeology_questions - INFO - 開始解析題目
2025-10-21 09:46:21 - archaeology_questions - INFO - 未檢測到題組，解析一般題目
2025-10-21 09:46:21 - archaeology_questions - INFO - ✅ 題目解析完成，共 1 題
2025-10-21 09:46:21 - archaeology_questions - INFO - 開始解析題目
2025-10-21 09:46:21 - archaeology_questions - INFO - 未檢測到題組，解析一般題目
2025-10-21 09:46:21 - archaeology_questions - INFO - ✅ 題目解析完成，共 1 題
2025-10-21 09:46:21 - archaeology_questions - INFO - 開始解析題目
2025-10-21 09:46:21 - archaeology_questions - INFO - 未檢測到題組，解析一般題目
2025-10-21 09:46:21 - archaeology_questions - INFO - ✅ 題目解析完成，共 1 題
2025-10-21 09:46:21 - archaeology_questions - INFO - 開始解析題目
2025-10-21 09:46:21 - archaeology_questions - INFO - 未檢測到題組，解析一般題目
2025-10-21 09:46:21 - archaeology_questions - INFO - ✅ 題目解析完成，共 1 題
2025-10-21 09:46:21 - archaeology_questions - INFO - 開始解析題目
2025-10-21 09:46:21 - archaeology_questions - INFO - 未檢測到題組，解析一般題目
2025-10-21 09:46:21 - archaeology_questions - INFO - ✅ 題目解析完成，共 1 題
2025-10-21 09:46:21 - archaeology_questions - INFO - 開始解析題目
2025-10-21 09:46:21 - archaeology_questions - INFO - 未檢測到題組，解析一般題目
2025-10-21 09:46:21 - archaeology_questions - INFO - ✅ 題目解析完成，共 1 題
2025-10-21 09:46:21 - archaeology_questions - INFO - 開始解析題目
2025-10-21 09:46:21 - archaeology_questions - INFO - 未檢測到題組，解析一般題目
2025-10-21 09:46:21 - archaeology_questions - INFO - ✅ 題目解析完成，共 1 題
2025-10-21 09:47:24 - archaeology_questions - INFO - 配置已載入: config.json
2025-10-21 09:47:25 - archaeology_questions - INFO - 開始提取答案
2025-10-21 09:47:25 - archaeology_questions - INFO - ✅ 答案提取完成，共找到 0 個答案
2025-10-21 09:47:25 - archaeology_questions - INFO - 開始提取答案
2025-10-21 09:47:25 - archaeology_questions - INFO - ✅ 答案提取完成，共找到 0 個答案
2025-10-21 09:47:25 - archaeology_questions - INFO - 開始提取答案
2025-10-21 09:47:25 - archaeology_questions - INFO - ✅ 答案提取完成，共找到 2 個答案
2025-10-21 09:47:25 - archaeology_questions - INFO - 開始處理單一PDF: nonexistent.pdf
2025-10-21 09:47:25 - archaeology_questions - INFO - 開始處理PDF檔案: nonexistent.pdf
2025-10-21 09:47:25 - archaeology_questions - ERROR - ❌ PDF處理失敗: PDF檔案不存在: nonexistent.pdf
2025-10-21 09:47:25 - archaeology_questions - INFO - 開始處理目錄: nonexistent_directory
2025-10-21 09:47:25 - archaeology_questions - INFO - 開始處理目錄: nonexistent_directory
2025-10-21 09:47:25 - archaeology_questions - ERROR - ❌ 目錄處理失敗: 輸入目錄不存在: nonexistent_directory
2025-10-21 09:47:25 - archaeology_questions - INFO - 開始解析題目
2025-10-21 09:47:25 - archaeology_questions - INFO - 未檢測到題組，解析一般題目
2025-10-21 09:47:25 - archaeology_questions - INFO - ✅ 題目解析完成，共 2 題
2025-10-21 09:47:25 - archaeology_questions - INFO - 開始解析題目
2025-10-21 09:47:25 - archaeology_questions - INFO - 未檢測到題組，解析一般題目
2025-10-21 09:47:25 - archaeology_questions - INFO - 開始解析題目
2025-10-21 09:47:25 - archaeology_questions - INFO - 未檢測到題組，解析一般題目
2025-10-21 09:47:25 - archaeology_questions - INFO - ✅ 題目解析完成，共 2 題
2025-10-21 09:47:25 - archaeology_questions - INFO - ✅ 題目解析完成，共 2 題
2025-10-21 09:47:25 - archaeology_questions - INFO - 開始解析題目
2025-10-21 09:47:25 - archaeology_questions - INFO - 未檢測到題組，解析一般題目
2025-10-21 09:47:25 - archaeology_questions - INFO - ✅ 題目解析完成，共 2 題
2025-10-21 09:47:25 - archaeology_questions - INFO - 開始解析題目
2025-10-21 09:47:25 - archaeology_questions - INFO - 未檢測到題組，解析一般題目
2025-10-21 09:47:25 - archaeology_questions - INFO - ✅ 題目解析完成，共 2 題
2025-10-21 09:47:25 - archaeology_questions - INFO - 開始生成題目CSV: /tmp/tmpnf1vhls0/empty_test.csv
2025-10-21 09:47:25 - archaeology_questions - INFO - ✅ 題目CSV生成完成: /tmp/tmpnf1vhls0/empty_test.csv
2025-10-21 09:47:25 - archaeology_questions - INFO - 開始生成題目CSV: /invalid/path/test.csv
2025-10-21 09:47:25 - archaeology_questions - ERROR - ❌ 題目CSV生成失敗: [Errno 13] Permission denied: '/invalid'
2025-10-21 09:47:25 - archaeology_questions - INFO - 開始生成題目CSV: /tmp/tmptcva7_ep/corrupted_test.csv
2025-10-21 09:47:25 - archaeology_questions - INFO - ✅ 題目CSV生成完成: /tmp/tmptcva7_ep/corrupted_test.csv
2025-10-21 09:47:25 - archaeology_questions - INFO - 開始生成題目CSV: /tmp/tmpxmfxtucs/readonly/test.csv
2025-10-21 09:47:25 - archaeology_questions - ERROR - ❌ 題目CSV生成失敗: [Errno 13] Permission denied: '/tmp/tmpxmfxtucs/readonly/test.csv'
2025-10-21 09:47:25 - archaeology_questions - INFO - 開始解析題目
2025-10-21 09:47:25 - archaeology_questions - INFO - 未檢測到題組，解析一般題目
2025-10-21 09:47:25 - archaeology_questions - WARNING - 題目 1 長度過長，截斷
2025-10-21 09:47:25 - archaeology_questions - INFO - ✅ 題目解析完成，共 10001 題
2025-10-21 09:47:25 - archaeology_questions - INFO - 開始處理PDF檔案: /tmp/tmpsvjexqha.pdf
2025-10-21 09:47:25 - archaeology_questions - ERROR - ❌ PDF處理失敗: No /Root object! - Is this really a PDF?
2025-10-21 09:47:25 - archaeology_questions - INFO - 開始解析題目
2025-10-21 09:47:25 - archaeology_questions - INFO - 未檢測到題組，解析一般題目
2025-10-21 09:47:25 - archaeology_questions - INFO - ✅ 題目解析完成，共 0 題
2025-10-21 09:47:25 - archaeology_questions - INFO - 開始解析題目
2025-10-21 09:47:25 - archaeology_questions - INFO - 未檢測到題組，解析一般題目
2025-10-21 09:47:25 - archaeology_questions - INFO - ✅ 題目解析完成，共 0 題
2025-10-21 09:47:25 - archaeology_questions - INFO - 開始解析題目
2025-10-21 09:47:25 - archaeology_questions - INFO - 未檢測到題組，解析一般題目
2025-10-21 09:47:25 - archaeology_questions - INFO - ✅ 題目解析完成，共 2 題
2025-10-21 09:47:25 - archaeology_questions - INFO - 開始解析題目
2025-10-21 09:47:25 - archaeology_questions - INFO - 未檢測到題組，解析一般題目
2025-10-21 09:47:25 - archaeology_questions - INFO - ✅ 題目解析完成，共 2 題
2025-10-21 09:48:43 - archaeology_questions - INFO - 配置已載入: config.json
2025-10-21 09:48:43 - archaeology_questions - INFO - 開始解析題目
2025-10-21 09:48:43 - archaeology_questions - INFO - 未檢測到題組，解析一般題目
2025-10-21 09:48:43 - archaeology_questions - INFO - ✅ 題目解析完成，共 1 題
2025-10-21 09:48:43 - archaeology_questions - INFO - 開始解析題目
2025-10-21 09:48:43 - archaeology_questions - INFO - 檢測到 1 個題組
2025-10-21 09:48:43 - archaeology_questions - INFO - 解析題組: 第1題至第3題
2025-10-21 09:48:43 - archaeology_questions - INFO - ✅ 題目解析完成，共 3 題
2025-10-21 09:48:43 - archaeology_questions - INFO - 開始解析題目
2025-10-21 09:48:43 - archaeology_questions - INFO - 未檢測到題組，解析一般題目
2025-10-21 09:48:43 - archaeology_questions - INFO - ✅ 題目解析完成，共 1 題
2025-10-21 09:48:43 - archaeology_questions - INFO - 開始提取答案
2025-10-21 09:48:43 - archaeology_questions - INFO - ✅ 答案提取完成，共找到 4 個答案
2025-10-21 09:48:43 - archaeology_questions - INFO - 開始提取答案
2025-10-21 09:48:43 - archaeology_questions - INFO - 表格格式答案: 4 個
2025-10-21 09:48:43 - archaeology_questions - INFO - ✅ 答案提取完成，共找到 4 個答案
2025-10-21 09:48:43 - archaeology_questions - INFO - 開始提取答案
2025-10-21 09:48:43 - archaeology_questions - INFO - ✅ 答案提取完成，共找到 2 個答案
2025-10-21 09:48:43 - archaeology_questions - INFO - 開始生成題目CSV: /tmp/tmpwqimz0ki/quality_test.csv
2025-10-21 09:48:43 - archaeology_questions - INFO - ✅ 題目CSV生成完成: /tmp/tmpwqimz0ki/quality_test.csv
2025-10-21 09:48:43 - archaeology_questions - INFO - 開始解析題目
2025-10-21 09:48:43 - archaeology_questions - INFO - 未檢測到題組，解析一般題目
2025-10-21 09:48:43 - archaeology_questions - INFO - ✅ 題目解析完成，共 2 題
2025-10-21 09:48:43 - archaeology_questions - INFO - 開始提取答案
2025-10-21 09:48:43 - archaeology_questions - INFO - ✅ 答案提取完成，共找到 2 個答案
2025-10-21 09:48:43 - archaeology_questions - INFO - 開始生成題目CSV: /tmp/tmp5yaryurn/consistency_test.csv
2025-10-21 09:48:43 - archaeology_questions - INFO - ✅ 題目CSV生成完成: /tmp/tmp5yaryurn/consistency_test.csv
2025-10-21 09:48:43 - archaeology_questions - INFO - 開始解析題目
2025-10-21 09:48:43 - archaeology_questions - INFO - 未檢測到題組，解析一般題目
2025-10-21 09:48:43 - archaeology_questions - INFO - ✅ 題目解析完成，共 1 題
2025-10-21 09:48:43 - archaeology_questions - INFO - 開始提取答案
2025-10-21 09:48:43 - archaeology_questions - INFO - ✅ 答案提取完成，共找到 1 個答案
2025-10-21 09:48:43 - archaeology_questions - INFO - 開始生成題目CSV: /tmp/tmp38ar50wl/unicode_test.csv
2025-10-21 09:48:43 - archaeology_questions - INFO - ✅ 題目CSV生成完成: /tmp/tmp38ar50wl/unicode_test.csv
2025-10-21 09:49:51 - archaeology_questions - INFO - 配置已載入: config.json
2025-10-21 09:49:51 - archaeology_questions - INFO - 開始處理單一PDF: /tmp/tmpybcnis2h/test_workflow.pdf
2025-10-21 09:49:51 - archaeology_questions - INFO - 開始處理PDF檔案: /tmp/tmpybcnis2h/test_workflow.pdf
2025-10-21 09:49:51 - archaeology_questions - INFO - 開始處理PDF檔案: /tmp/tmpybcnis2h/test_workflow.pdf
2025-10-21 09:49:51 - archaeology_questions - INFO - ✅ PDF文字提取完成，共 1 頁，23 字元
2025-10-21 09:49:51 - archaeology_questions - INFO - 開始解析題目
2025-10-21 09:49:51 - archaeology_questions - INFO - 未檢測到題組，解析一般題目
2025-10-21 09:49:51 - archaeology_questions - INFO - ✅ 題目解析完成，共 0 題
2025-10-21 09:49:51 - archaeology_questions - WARNING - 未找到任何題目
2025-10-21 09:49:51 - archaeology_questions - INFO - 開始處理目錄: /tmp/tmphce9dqpu/test_pdfs
2025-10-21 09:49:51 - archaeology_questions - INFO - 開始處理目錄: /tmp/tmphce9dqpu/test_pdfs
2025-10-21 09:49:51 - archaeology_questions - INFO - 處理檔案: test3.pdf
2025-10-21 09:49:51 - archaeology_questions - INFO - 開始處理PDF檔案: /tmp/tmphce9dqpu/test_pdfs/test3.pdf
2025-10-21 09:49:51 - archaeology_questions - INFO - 開始處理PDF檔案: /tmp/tmphce9dqpu/test_pdfs/test3.pdf
2025-10-21 09:49:51 - archaeology_questions - INFO - ✅ PDF文字提取完成，共 0 頁，0 字元
2025-10-21 09:49:51 - archaeology_questions - INFO - 開始解析題目
2025-10-21 09:49:51 - archaeology_questions - INFO - 未檢測到題組，解析一般題目
2025-10-21 09:49:51 - archaeology_questions - INFO - ✅ 題目解析完成，共 0 題
2025-10-21 09:49:51 - archaeology_questions - WARNING - 未找到任何題目
2025-10-21 09:49:51 - archaeology_questions - INFO - 處理檔案: test3_答案.pdf
2025-10-21 09:49:51 - archaeology_questions - INFO - 開始處理PDF檔案: /tmp/tmphce9dqpu/test_pdfs/test3_答案.pdf
2025-10-21 09:49:51 - archaeology_questions - INFO - 開始處理PDF檔案: /tmp/tmphce9dqpu/test_pdfs/test3_答案.pdf
2025-10-21 09:49:51 - archaeology_questions - INFO - ✅ PDF文字提取完成，共 0 頁，0 字元
2025-10-21 09:49:51 - archaeology_questions - INFO - 開始解析題目
2025-10-21 09:49:51 - archaeology_questions - INFO - 未檢測到題組，解析一般題目
2025-10-21 09:49:51 - archaeology_questions - INFO - ✅ 題目解析完成，共 0 題
2025-10-21 09:49:51 - archaeology_questions - WARNING - 未找到任何題目
2025-10-21 09:49:51 - archaeology_questions - INFO - 處理檔案: test1_答案.pdf
2025-10-21 09:49:51 - archaeology_questions - INFO - 開始處理PDF檔案: /tmp/tmphce9dqpu/test_pdfs/test1_答案.pdf
2025-10-21 09:49:51 - archaeology_questions - INFO - 開始處理PDF檔案: /tmp/tmphce9dqpu/test_pdfs/test1_答案.pdf
2025-10-21 09:49:51 - archaeology_questions - INFO - ✅ PDF文字提取完成，共 0 頁，0 字元
2025-10-21 09:49:51 - archaeology_questions - INFO - 開始解析題目
2025-10-21 09:49:51 - archaeology_questions - INFO - 未檢測到題組，解析一般題目
2025-10-21 09:49:51 - archaeology_questions - INFO - ✅ 題目解析完成，共 0 題
2025-10-21 09:49:51 - archaeology_questions - WARNING - 未找到任何題目
2025-10-21 09:49:51 - archaeology_questions - INFO - 處理檔案: test1.pdf
2025-10-21 09:49:51 - archaeology_questions - INFO - 開始處理PDF檔案: /tmp/tmphce9dqpu/test_pdfs/test1.pdf
2025-10-21 09:49:51 - archaeology_questions - INFO - 開始處理PDF檔案: /tmp/tmphce9dqpu/test_pdfs/test1.pdf
2025-10-21 09:49:51 - archaeology_questions - INFO - ✅ PDF文字提取完成，共 0 頁，0 字元
2025-10-21 09:49:51 - archaeology_questions - INFO - 開始解析題目
2025-10-21 09:49:51 - archaeology_questions - INFO - 未檢測到題組，解析一般題目
2025-10-21 09:49:51 - archaeology_questions - INFO - ✅ 題目解析完成，共 0 題
2025-10-21 09:49:51 - archaeology_questions - WARNING - 未找到任何題目
2025-10-21 09:49:51 - archaeology_questions - INFO - 處理檔案: test2.pdf
2025-10-21 09:49:51 - archaeology_questions - INFO - 開始處理PDF檔案: /tmp/tmphce9dqpu/test_pdfs/test2.pdf
2025-10-21 09:49:51 - archaeology_questions - INFO - 開始處理PDF檔案: /tmp/tmphce9dqpu/test_pdfs/test2.pdf
2025-10-21 09:49:51 - archaeology_questions - INFO - ✅ PDF文字提取完成，共 0 頁，0 字元
2025-10-21 09:49:51 - archaeology_questions - INFO - 開始解析題目
2025-10-21 09:49:51 - archaeology_questions - INFO - 未檢測到題組，解析一般題目
2025-10-21 09:49:51 - archaeology_questions - INFO - ✅ 題目解析完成，共 0 題
2025-10-21 09:49:51 - archaeology_questions - WARNING - 未找到任何題目
2025-10-21 09:49:51 - archaeology_questions - INFO - 處理檔案: test2_答案.pdf
2025-10-21 09:49:51 - archaeology_questions - INFO - 開始處理PDF檔案: /tmp/tmphce9dqpu/test_pdfs/test2_答案.pdf
2025-10-21 09:49:51 - archaeology_questions - INFO - 開始處理PDF檔案: /tmp/tmphce9dqpu/test_pdfs/test2_答案.pdf
2025-10-21 09:49:51 - archaeology_questions - INFO - ✅ PDF文字提取完成，共 0 頁，0 字元
2025-10-21 09:49:51 - archaeology_questions - INFO - 開始解析題目
2025-10-21 09:49:51 - archaeology_questions - INFO - 未檢測到題組，解析一般題目
2025-10-21 09:49:51 - archaeology_questions - INFO - ✅ 題目解析完成，共 0 題
2025-10-21 09:49:51 - archaeology_questions - WARNING - 未找到任何題目
2025-10-21 09:49:51 - archaeology_questions - INFO - ✅ 目錄處理完成: 0/6 個檔案成功，共 0 題
2025-10-21 09:49:51 - archaeology_questions - INFO - ✅ 已生成 0 個Google Apps Script檔案
2025-10-21 09:49:51 - archaeology_questions - INFO - 開始處理單一PDF: /tmp/tmp5762betr/real_world_test.pdf
2025-10-21 09:49:51 - archaeology_questions - INFO - 開始處理PDF檔案: /tmp/tmp5762betr/real_world_test.pdf
2025-10-21 09:49:51 - archaeology_questions - INFO - 開始處理PDF檔案: /tmp/tmp5762betr/real_world_test.pdf
2025-10-21 09:49:51 - archaeology_questions - INFO - ✅ PDF文字提取完成，共 1 頁，29 字元
2025-10-21 09:49:51 - archaeology_questions - INFO - 開始解析題目
2025-10-21 09:49:51 - archaeology_questions - INFO - 未檢測到題組，解析一般題目
2025-10-21 09:49:51 - archaeology_questions - INFO - ✅ 題目解析完成，共 0 題
2025-10-21 09:49:51 - archaeology_questions - WARNING - 未找到任何題目
2025-10-21 09:49:51 - archaeology_questions - INFO - 開始處理單一PDF: /tmp/tmp7t81akwp/valid.pdf
2025-10-21 09:49:51 - archaeology_questions - INFO - 開始處理PDF檔案: /tmp/tmp7t81akwp/valid.pdf
2025-10-21 09:49:51 - archaeology_questions - INFO - 開始處理PDF檔案: /tmp/tmp7t81akwp/valid.pdf
2025-10-21 09:49:51 - archaeology_questions - INFO - ✅ PDF文字提取完成，共 0 頁，0 字元
2025-10-21 09:49:51 - archaeology_questions - INFO - 開始解析題目
2025-10-21 09:49:51 - archaeology_questions - INFO - 未檢測到題組，解析一般題目
2025-10-21 09:49:51 - archaeology_questions - INFO - ✅ 題目解析完成，共 0 題
2025-10-21 09:49:51 - archaeology_questions - WARNING - 未找到任何題目
2025-10-21 09:49:51 - archaeology_questions - INFO - 開始處理單一PDF: /tmp/tmp7t81akwp/invalid.pdf
2025-10-21 09:49:51 - archaeology_questions - INFO - 開始處理PDF檔案: /tmp/tmp7t81akwp/invalid.pdf
2025-10-21 09:49:51 - archaeology_questions - INFO - 開始處理PDF檔案: /tmp/tmp7t81akwp/invalid.pdf
2025-10-21 09:49:51 - archaeology_questions - INFO - ✅ PDF文字提取完成，共 0 頁，0 字元
2025-10-21 09:49:51 - archaeology_questions - INFO - 開始解析題目
2025-10-21 09:49:51 - archaeology_questions - INFO - 未檢測到題組，解析一般題目
2025-10-21 09:49:51 - archaeology_questions - INFO - ✅ 題目解析完成，共 0 題
2025-10-21 09:49:51 - archaeology_questions - WARNING - 未找到任何題目
2025-10-21 09:49:51 - archaeology_questions - INFO - 開始處理目錄: /tmp/tmp7t81akwp/mixed
2025-10-21 09:49:51 - archaeology_questions - INFO - 開始處理目錄: /tmp/tmp7t81akwp/mixed
2025-10-21 09:49:51 - archaeology_questions - INFO - 處理檔案: invalid.pdf
2025-10-21 09:49:51 - archaeology_questions - INFO - 開始處理PDF檔案: /tmp/tmp7t81akwp/mixed/invalid.pdf
2025-10-21 09:49:51 - archaeology_questions - INFO - 開始處理PDF檔案: /tmp/tmp7t81akwp/mixed/invalid.pdf
2025-10-21 09:49:51 - archaeology_questions - INFO - ✅ PDF文字提取完成，共 0 頁，0 字元
2025-10-21 09:49:51 - archaeology_questions - INFO - 開始解析題目
2025-10-21 09:49:51 - archaeology_questions - INFO - 未檢測到題組，解析一般題目
2025-10-21 09:49:51 - archaeology_questions - INFO - ✅ 題目解析完成，共 0 題
2025-10-21 09:49:51 - archaeology_questions - WARNING - 未找到任何題目
2025-10-21 09:49:51 - archaeology_questions - INFO - 處理檔案: valid.pdf
2025-10-21 09:49:51 - archaeology_questions - INFO - 開始處理PDF檔案: /tmp/tmp7t81akwp/mixed/valid.pdf
2025-10-21 09:49:51 - archaeology_questions - INFO - 開始處理PDF檔案: /tmp/tmp7t81akwp/mixed/valid.pdf
2025-10-21 09:49:51 - archaeology_questions - INFO - ✅ PDF文字提取完成，共 0 頁，0 字元
2025-10-21 09:49:51 - archaeology_questions - INFO - 開始解析題目
2025-10-21 09:49:51 - archaeology_questions - INFO - 未檢測到題組，解析一般題目
2025-10-21 09:49:51 - archaeology_questions - INFO - ✅ 題目解析完成，共 0 題
2025-10-21 09:49:51 - archaeology_questions - WARNING - 未找到任何題目
2025-10-21 09:49:51 - archaeology_questions - INFO - ✅ 目錄處理完成: 0/2 個檔案成功，共 0 題
2025-10-21 09:49:51 - archaeology_questions - INFO - ✅ 已生成 0 個Google Apps Script檔案
